<?xml version="1.0" encoding="UTF-8"?>
<testsuite name="co.com.ceiba.parqueadero.ParqueaderoApplicationTests" tests="1" skipped="0" failures="0" errors="0" timestamp="2018-05-07T21:26:56" hostname="LAURA-MARULANDA" time="0.043">
  <properties/>
  <testcase name="contextLoads" classname="co.com.ceiba.parqueadero.ParqueaderoApplicationTests" time="0.043"/>
  <system-out><![CDATA[16:26:46.562 [Test worker] DEBUG org.springframework.test.context.junit4.SpringJUnit4ClassRunner - SpringJUnit4ClassRunner constructor called with [class co.com.ceiba.parqueadero.ParqueaderoApplicationTests]
16:26:46.577 [Test worker] DEBUG org.springframework.test.context.BootstrapUtils - Instantiating CacheAwareContextLoaderDelegate from class [org.springframework.test.context.cache.DefaultCacheAwareContextLoaderDelegate]
16:26:46.609 [Test worker] DEBUG org.springframework.test.context.BootstrapUtils - Instantiating BootstrapContext using constructor [public org.springframework.test.context.support.DefaultBootstrapContext(java.lang.Class,org.springframework.test.context.CacheAwareContextLoaderDelegate)]
16:26:46.660 [Test worker] DEBUG org.springframework.test.context.BootstrapUtils - Instantiating TestContextBootstrapper for test class [co.com.ceiba.parqueadero.ParqueaderoApplicationTests] from class [org.springframework.boot.test.context.SpringBootTestContextBootstrapper]
16:26:46.683 [Test worker] INFO org.springframework.boot.test.context.SpringBootTestContextBootstrapper - Neither @ContextConfiguration nor @ContextHierarchy found for test class [co.com.ceiba.parqueadero.ParqueaderoApplicationTests], using SpringBootContextLoader
16:26:46.691 [Test worker] DEBUG org.springframework.test.context.support.AbstractContextLoader - Did not detect default resource location for test class [co.com.ceiba.parqueadero.ParqueaderoApplicationTests]: class path resource [co/com/ceiba/parqueadero/ParqueaderoApplicationTests-context.xml] does not exist
16:26:46.694 [Test worker] DEBUG org.springframework.test.context.support.AbstractContextLoader - Did not detect default resource location for test class [co.com.ceiba.parqueadero.ParqueaderoApplicationTests]: class path resource [co/com/ceiba/parqueadero/ParqueaderoApplicationTestsContext.groovy] does not exist
16:26:46.695 [Test worker] INFO org.springframework.test.context.support.AbstractContextLoader - Could not detect default resource locations for test class [co.com.ceiba.parqueadero.ParqueaderoApplicationTests]: no resource found for suffixes {-context.xml, Context.groovy}.
16:26:46.695 [Test worker] INFO org.springframework.test.context.support.AnnotationConfigContextLoaderUtils - Could not detect default configuration classes for test class [co.com.ceiba.parqueadero.ParqueaderoApplicationTests]: ParqueaderoApplicationTests does not declare any static, non-private, non-final, nested classes annotated with @Configuration.
16:26:46.803 [Test worker] DEBUG org.springframework.test.context.support.ActiveProfilesUtils - Could not find an 'annotation declaring class' for annotation type [org.springframework.test.context.ActiveProfiles] and class [co.com.ceiba.parqueadero.ParqueaderoApplicationTests]
16:26:46.834 [Test worker] DEBUG org.springframework.core.env.StandardEnvironment - Adding PropertySource 'systemProperties' with lowest search precedence
16:26:46.834 [Test worker] DEBUG org.springframework.core.env.StandardEnvironment - Adding PropertySource 'systemEnvironment' with lowest search precedence
16:26:46.834 [Test worker] DEBUG org.springframework.core.env.StandardEnvironment - Initialized StandardEnvironment with PropertySources [MapPropertySource@242018671 {name='systemProperties', properties={java.runtime.name=Java(TM) SE Runtime Environment, sun.boot.library.path=C:\Program Files\Java\jdk1.8.0_172\jre\bin, java.vm.version=25.172-b11, java.vm.vendor=Oracle Corporation, java.vendor.url=http://java.oracle.com/, path.separator=;, java.vm.name=Java HotSpot(TM) 64-Bit Server VM, file.encoding.pkg=sun.io, user.script=, sun.java.launcher=SUN_STANDARD, user.country=US, sun.os.patch.level=, java.vm.specification.name=Java Virtual Machine Specification, user.dir=D:\ProyectoParqueadero\ParqueaderoBackend\parqueadero, java.runtime.version=1.8.0_172-b11, java.awt.graphicsenv=sun.awt.Win32GraphicsEnvironment, java.endorsed.dirs=C:\Program Files\Java\jdk1.8.0_172\jre\lib\endorsed, os.arch=amd64, java.io.tmpdir=C:\Users\LAURA~1.MAR\AppData\Local\Temp\, line.separator=
, java.vm.specification.vendor=Oracle Corporation, user.variant=, os.name=Windows 10, sun.jnu.encoding=Cp1252, java.library.path=C:\Program Files\Java\jdk1.8.0_172\bin;C:\Windows\Sun\Java\bin;C:\Windows\system32;C:\Windows;C:\Program Files\Java\jdk1.8.0_172\bin;C:\gradle-4.7\bin;C:\Program Files (x86)\Common Files\Oracle\Java\javapath;C:\Oracle\product\11.1.0\client_1\bin;C:\Program Files\CollabNet\Subversion Client;C:\Program Files (x86)\Intel\iCLS Client\;C:\Program Files\Intel\iCLS Client\;C:\Windows\system32;C:\Windows;C:\Windows\System32\Wbem;C:\Windows\System32\WindowsPowerShell\v1.0\;C:\Program Files (x86)\Intel\Intel(R) Management Engine Components\DAL;C:\Program Files\Intel\Intel(R) Management Engine Components\DAL;C:\Program Files (x86)\Intel\Intel(R) Management Engine Components\IPT;C:\Program Files\Intel\Intel(R) Management Engine Components\IPT;C:\Program Files (x86)\ATI Technologies\ATI.ACE\Core-Static;C:\Program Files\TortoiseSVN\bin;C:\Program Files\Git\cmd;C:\Program Files\PuTTY\;C:\Users\laura.marulanda\AppData\Local\Microsoft\WindowsApps;;C:\Program Files\Microsoft VS Code\bin;., java.specification.name=Java Platform API Specification, java.class.version=52.0, org.gradle.native=false, sun.management.compiler=HotSpot 64-Bit Tiered Compilers, os.version=10.0, user.home=C:\Users\laura.marulanda, user.timezone=America/Bogota, java.awt.printerjob=sun.awt.windows.WPrinterJob, file.encoding=windows-1252, java.specification.version=1.8, java.class.path=D:\ProyectoParqueadero\ParqueaderoBackend\parqueadero\build\classes\java\test;D:\ProyectoParqueadero\ParqueaderoBackend\parqueadero\build\resources\test;D:\ProyectoParqueadero\ParqueaderoBackend\parqueadero\build\classes\java\main;D:\ProyectoParqueadero\ParqueaderoBackend\parqueadero\build\resources\main;C:\Users\laura.marulanda\.gradle\caches\modules-2\files-2.1\org.apache.commons\commons-lang3\3.0\8873bd0bb5cb9ee37f1b04578eb7e26fcdd44cb0\commons-lang3-3.0.jar;C:\Users\laura.marulanda\.gradle\caches\modules-2\files-2.1\org.modelmapper\modelmapper\0.7.5\5bef63ad6fa1008d56d27557e4a7f223fb639678\modelmapper-0.7.5.jar;C:\Users\laura.marulanda\.gradle\caches\modules-2\files-2.1\org.springframework.boot\spring-boot-starter-data-jpa\1.5.12.RELEASE\cbffbf33274c6a576f01315b6f16250193ca79a9\spring-boot-starter-data-jpa-1.5.12.RELEASE.jar;C:\Users\laura.marulanda\.gradle\caches\modules-2\files-2.1\org.springframework.boot\spring-boot-starter-jersey\1.5.12.RELEASE\3e8cf51095536ec67837fbbd9fcf2dd460c5839f\spring-boot-starter-jersey-1.5.12.RELEASE.jar;C:\Users\laura.marulanda\.gradle\caches\modules-2\files-2.1\org.springframework.boot\spring-boot-starter-web\1.5.12.RELEASE\649d368fa6b0a511936b50f28c72663c503eb84c\spring-boot-starter-web-1.5.12.RELEASE.jar;C:\Users\laura.marulanda\.gradle\caches\modules-2\files-2.1\mysql\mysql-connector-java\5.1.46\9a3e63b387e376364211e96827bc27db8d7a92e9\mysql-connector-java-5.1.46.jar;C:\Users\laura.marulanda\.gradle\caches\modules-2\files-2.1\org.springframework.boot\spring-boot-starter-test\1.5.12.RELEASE\9a8f743ffab5ae38a17a85008a2c3cb374871551\spring-boot-starter-test-1.5.12.RELEASE.jar;C:\Users\laura.marulanda\.gradle\caches\modules-2\files-2.1\org.springframework.boot\spring-boot-starter-aop\1.5.12.RELEASE\6bcdb5d4e593e7487131f7b1dee34752aad5a5e7\spring-boot-starter-aop-1.5.12.RELEASE.jar;C:\Users\laura.marulanda\.gradle\caches\modules-2\files-2.1\org.springframework.boot\spring-boot-starter-jdbc\1.5.12.RELEASE\73b8299e412eafa71def9e1296637de9e99fa76\spring-boot-starter-jdbc-1.5.12.RELEASE.jar;C:\Users\laura.marulanda\.gradle\caches\modules-2\files-2.1\org.springframework.boot\spring-boot-starter-validation\1.5.12.RELEASE\78077542a53cd40f710898259ae693d2c4fdfff6\spring-boot-starter-validation-1.5.12.RELEASE.jar;C:\Users\laura.marulanda\.gradle\caches\modules-2\files-2.1\org.springframework.boot\spring-boot-starter\1.5.12.RELEASE\e4f0748fa765a0416638920058289f6db6ee0e36\spring-boot-starter-1.5.12.RELEASE.jar;C:\Users\laura.marulanda\.gradle\caches\modules-2\files-2.1\org.hibernate\hibernate-entitymanager\5.0.12.Final\302a526f5058290e9cbd719a5caf9f248d344719\hibernate-entitymanager-5.0.12.Final.jar;C:\Users\laura.marulanda\.gradle\caches\modules-2\files-2.1\org.hibernate\hibernate-core\5.0.12.Final\e58bf1c660e6706d8e2cbb53bae110f574366102\hibernate-core-5.0.12.Final.jar;C:\Users\laura.marulanda\.gradle\caches\modules-2\files-2.1\javax.transaction\javax.transaction-api\1.2\d81aff979d603edd90dcd8db2abc1f4ce6479e3e\javax.transaction-api-1.2.jar;C:\Users\laura.marulanda\.gradle\caches\modules-2\files-2.1\org.springframework.data\spring-data-jpa\1.11.11.RELEASE\ac76e9ecc10850ac324f762ecb947d67d1670c82\spring-data-jpa-1.11.11.RELEASE.jar;C:\Users\laura.marulanda\.gradle\caches\modules-2\files-2.1\org.springframework\spring-aspects\4.3.16.RELEASE\1490d6c995ab3a74a33fa30a3b81e9e78e1249e1\spring-aspects-4.3.16.RELEASE.jar;C:\Users\laura.marulanda\.gradle\caches\modules-2\files-2.1\org.springframework.boot\spring-boot-starter-tomcat\1.5.12.RELEASE\a4e81f071d2b5a9c9fb5a219b361b683a8eb3d91\spring-boot-starter-tomcat-1.5.12.RELEASE.jar;C:\Users\laura.marulanda\.gradle\caches\modules-2\files-2.1\org.glassfish.jersey.media\jersey-media-json-jackson\2.25.1\19d1e4276eb7b6386640c344d9e5c01eba7eae5d\jersey-media-json-jackson-2.25.1.jar;C:\Users\laura.marulanda\.gradle\caches\modules-2\files-2.1\com.fasterxml.jackson.jaxrs\jackson-jaxrs-json-provider\2.8.11\79894d1dfcff1bca147fd58f263602a6942a5d24\jackson-jaxrs-json-provider-2.8.11.jar;C:\Users\laura.marulanda\.gradle\caches\modules-2\files-2.1\com.fasterxml.jackson.jaxrs\jackson-jaxrs-base\2.8.11\b3b174cb9c0b1ba6afdfdd6cd1aec0fb39ad9a94\jackson-jaxrs-base-2.8.11.jar;C:\Users\laura.marulanda\.gradle\caches\modules-2\files-2.1\com.fasterxml.jackson.module\jackson-module-jaxb-annotations\2.8.11\7b52a95f0fed65cb8526d6aa2be090502226c449\jackson-module-jaxb-annotations-2.8.11.jar;C:\Users\laura.marulanda\.gradle\caches\modules-2\files-2.1\com.fasterxml.jackson.core\jackson-databind\2.8.11.1\341edc63fdd8b44e17b2c36abbc9b451d8fd05a5\jackson-databind-2.8.11.1.jar;C:\Users\laura.marulanda\.gradle\caches\modules-2\files-2.1\org.glassfish.jersey.ext\jersey-spring3\2.25.1\a31bfcd2fcae5beb979d3f41079b6f4020d6fbc9\jersey-spring3-2.25.1.jar;C:\Users\laura.marulanda\.gradle\caches\modules-2\files-2.1\org.springframework\spring-webmvc\4.3.16.RELEASE\2a171b1d701e450860bd5544a87a727048639a45\spring-webmvc-4.3.16.RELEASE.jar;C:\Users\laura.marulanda\.gradle\caches\modules-2\files-2.1\org.springframework\spring-web\4.3.16.RELEASE\9321f7c56e8c4561c92aa62f48a0cefe0a667315\spring-web-4.3.16.RELEASE.jar;C:\Users\laura.marulanda\.gradle\caches\modules-2\files-2.1\org.glassfish.jersey.containers\jersey-container-servlet\2.25.1\cf5f7a76fcea38158b890ab7a0142d4db709a882\jersey-container-servlet-2.25.1.jar;C:\Users\laura.marulanda\.gradle\caches\modules-2\files-2.1\org.glassfish.jersey.containers\jersey-container-servlet-core\2.25.1\400e30bb035a0cdf3c554530224141ce659a0d1e\jersey-container-servlet-core-2.25.1.jar;C:\Users\laura.marulanda\.gradle\caches\modules-2\files-2.1\org.glassfish.jersey.ext\jersey-bean-validation\2.25.1\1971927d79cad0ad2b5a3bfda24967748a2023d\jersey-bean-validation-2.25.1.jar;C:\Users\laura.marulanda\.gradle\caches\modules-2\files-2.1\org.glassfish.jersey.core\jersey-server\2.25.1\276e2ee0fd1cdabf99357fce560c5baab675b1a2\jersey-server-2.25.1.jar;C:\Users\laura.marulanda\.gradle\caches\modules-2\files-2.1\org.glassfish.hk2\hk2\2.5.0-b32\c3accae585955e49c771d464899e906ecc9ffb4\hk2-2.5.0-b32.jar;C:\Users\laura.marulanda\.gradle\caches\modules-2\files-2.1\org.glassfish.hk2\config-types\2.5.0-b32\686bbe7f80b1b879d64c06bc6606c97721a795f2\config-types-2.5.0-b32.jar;C:\Users\laura.marulanda\.gradle\caches\modules-2\files-2.1\org.glassfish.hk2\hk2-config\2.5.0-b32\dce05ac4225dbc0c1c382ad02e3b5bee51f0168a\hk2-config-2.5.0-b32.jar;C:\Users\laura.marulanda\.gradle\caches\modules-2\files-2.1\org.hibernate\hibernate-validator\5.3.6.Final\4c730be8bf55a8e9a61e79a2f2c079abf48b718\hibernate-validator-5.3.6.Final.jar;C:\Users\laura.marulanda\.gradle\caches\modules-2\files-2.1\org.springframework.boot\spring-boot-test-autoconfigure\1.5.12.RELEASE\7d710647eae22ecc28c069a547126bc1dcdeaff2\spring-boot-test-autoconfigure-1.5.12.RELEASE.jar;C:\Users\laura.marulanda\.gradle\caches\modules-2\files-2.1\org.springframework.boot\spring-boot-test\1.5.12.RELEASE\b2424c29750561e9800c41dcc8d4e02e93d6c1ab\spring-boot-test-1.5.12.RELEASE.jar;C:\Users\laura.marulanda\.gradle\caches\modules-2\files-2.1\com.jayway.jsonpath\json-path\2.2.0\22290d17944bd239fabf5ac69005a60a7ecbbbcb\json-path-2.2.0.jar;C:\Users\laura.marulanda\.gradle\caches\modules-2\files-2.1\junit\junit\4.12\2973d150c0dc1fefe998f834810d68f278ea58ec\junit-4.12.jar;C:\Users\laura.marulanda\.gradle\caches\modules-2\files-2.1\org.assertj\assertj-core\2.6.0\b532c3fc4f66bcfee4989a3514f1cd56203a33ad\assertj-core-2.6.0.jar;C:\Users\laura.marulanda\.gradle\caches\modules-2\files-2.1\org.mockito\mockito-core\1.10.19\e8546f5bef4e061d8dd73895b4e8f40e3fe6effe\mockito-core-1.10.19.jar;C:\Users\laura.marulanda\.gradle\caches\modules-2\files-2.1\org.hamcrest\hamcrest-library\1.3\4785a3c21320980282f9f33d0d1264a69040538f\hamcrest-library-1.3.jar;C:\Users\laura.marulanda\.gradle\caches\modules-2\files-2.1\org.hamcrest\hamcrest-core\1.3\42a25dc3219429f0e5d060061f71acb49bf010a0\hamcrest-core-1.3.jar;C:\Users\laura.marulanda\.gradle\caches\modules-2\files-2.1\org.skyscreamer\jsonassert\1.4.0\9cdbb373a06f6513e51e8c545ee6a5e981463edb\jsonassert-1.4.0.jar;C:\Users\laura.marulanda\.gradle\caches\modules-2\files-2.1\org.springframework\spring-test\4.3.16.RELEASE\adb21bf985a998da78de96f6deefe85f058457eb\spring-test-4.3.16.RELEASE.jar;C:\Users\laura.marulanda\.gradle\caches\modules-2\files-2.1\org.springframework.boot\spring-boot-autoconfigure\1.5.12.RELEASE\932ab2609793ebc00576cbae77085bb83e5c9008\spring-boot-autoconfigure-1.5.12.RELEASE.jar;C:\Users\laura.marulanda\.gradle\caches\modules-2\files-2.1\org.springframework.boot\spring-boot\1.5.12.RELEASE\bc41c1da2bbb4eaebfc5b464b0a993ca8ef83156\spring-boot-1.5.12.RELEASE.jar;C:\Users\laura.marulanda\.gradle\caches\modules-2\files-2.1\org.springframework\spring-orm\4.3.16.RELEASE\9cbd490a3839d5f3d91731bf15593383ca0544f5\spring-orm-4.3.16.RELEASE.jar;C:\Users\laura.marulanda\.gradle\caches\modules-2\files-2.1\org.springframework\spring-jdbc\4.3.16.RELEASE\cf5cd0a29f58cdcd572a97b3becdb7a9ba970363\spring-jdbc-4.3.16.RELEASE.jar;C:\Users\laura.marulanda\.gradle\caches\modules-2\files-2.1\org.springframework.data\spring-data-commons\1.13.11.RELEASE\481434bd66c1cf6ff72902a89ad778156e924382\spring-data-commons-1.13.11.RELEASE.jar;C:\Users\laura.marulanda\.gradle\caches\modules-2\files-2.1\org.glassfish.hk2\spring-bridge\2.5.0-b32\f38ecef23edc769942a95c062efd63541044de42\spring-bridge-2.5.0-b32.jar;C:\Users\laura.marulanda\.gradle\caches\modules-2\files-2.1\org.springframework\spring-context\4.3.16.RELEASE\b56bbfb12b8c388443589fc5d4f2f0f1774dc44d\spring-context-4.3.16.RELEASE.jar;C:\Users\laura.marulanda\.gradle\caches\modules-2\files-2.1\org.springframework\spring-tx\4.3.16.RELEASE\459e1741827ea59775c4e322d5964714065bed42\spring-tx-4.3.16.RELEASE.jar;C:\Users\laura.marulanda\.gradle\caches\modules-2\files-2.1\org.springframework\spring-aop\4.3.16.RELEASE\2c74e87bbf99e7cb6903046e19345a04f843d817\spring-aop-4.3.16.RELEASE.jar;C:\Users\laura.marulanda\.gradle\caches\modules-2\files-2.1\org.springframework\spring-beans\4.3.16.RELEASE\2a0cb663069001e0b210d509f7b1904888557e63\spring-beans-4.3.16.RELEASE.jar;C:\Users\laura.marulanda\.gradle\caches\modules-2\files-2.1\org.springframework\spring-expression\4.3.16.RELEASE\f69b403faa1dd97df212217aece1ad3497dfdf2c\spring-expression-4.3.16.RELEASE.jar;C:\Users\laura.marulanda\.gradle\caches\modules-2\files-2.1\org.springframework\spring-core\4.3.16.RELEASE\fe3f4186562c0dfa70a09510f886cc11a483ddde\spring-core-4.3.16.RELEASE.jar;C:\Users\laura.marulanda\.gradle\caches\modules-2\files-2.1\org.springframework.boot\spring-boot-starter-logging\1.5.12.RELEASE\88b9a16ff87f0a7faec7848e9a5626ffbbac588f\spring-boot-starter-logging-1.5.12.RELEASE.jar;C:\Users\laura.marulanda\.gradle\caches\modules-2\files-2.1\org.yaml\snakeyaml\1.17\7a27ea250c5130b2922b86dea63cbb1cc10a660c\snakeyaml-1.17.jar;C:\Users\laura.marulanda\.gradle\caches\modules-2\files-2.1\org.aspectj\aspectjweaver\1.8.13\ad94df2a28d658a40dc27bbaff6a1ce5fbf04e9b\aspectjweaver-1.8.13.jar;C:\Users\laura.marulanda\.gradle\caches\modules-2\files-2.1\org.apache.tomcat\tomcat-jdbc\8.5.29\5fc2bee83633735b31831b7fffa13040100b5eae\tomcat-jdbc-8.5.29.jar;C:\Users\laura.marulanda\.gradle\caches\modules-2\files-2.1\org.hibernate.common\hibernate-commons-annotations\5.0.1.Final\71e1cff3fcb20d3b3af4f3363c3ddb24d33c6879\hibernate-commons-annotations-5.0.1.Final.jar;C:\Users\laura.marulanda\.gradle\caches\modules-2\files-2.1\org.jboss.logging\jboss-logging\3.3.2.Final\3789d00e859632e6c6206adc0c71625559e6e3b0\jboss-logging-3.3.2.Final.jar;C:\Users\laura.marulanda\.gradle\caches\modules-2\files-2.1\org.hibernate.javax.persistence\hibernate-jpa-2.1-api\1.0.0.Final\5e731d961297e5a07290bfaf3db1fbc8bbbf405a\hibernate-jpa-2.1-api-1.0.0.Final.jar;C:\Users\laura.marulanda\.gradle\caches\modules-2\files-2.1\org.glassfish.jersey.core\jersey-client\2.25.1\4d563b1f93352ee9fad597e9e1daf2c6159993c6\jersey-client-2.25.1.jar;C:\Users\laura.marulanda\.gradle\caches\modules-2\files-2.1\org.glassfish.jersey.media\jersey-media-jaxb\2.25.1\d7da0beeed5614a3bfd882662faec602699e24b\jersey-media-jaxb-2.25.1.jar;C:\Users\laura.marulanda\.gradle\caches\modules-2\files-2.1\org.glassfish.jersey.core\jersey-common\2.25.1\2438ce68d4907046095ab54aa83a6092951b4bbb\jersey-common-2.25.1.jar;C:\Users\laura.marulanda\.gradle\caches\modules-2\files-2.1\org.glassfish.hk2\hk2-core\2.5.0-b32\8cb6a8a9522ec523b7740d29f555bdbe9d936af2\hk2-core-2.5.0-b32.jar;C:\Users\laura.marulanda\.gradle\caches\modules-2\files-2.1\org.glassfish.hk2\hk2-runlevel\2.5.0-b32\60dc979763ea885e796cba4d3e322af8d500ba74\hk2-runlevel-2.5.0-b32.jar;C:\Users\laura.marulanda\.gradle\caches\modules-2\files-2.1\org.glassfish.hk2\hk2-locator\2.5.0-b32\195474f8ad0a8d130e9ea949a771bcf1215fc33b\hk2-locator-2.5.0-b32.jar;C:\Users\laura.marulanda\.gradle\caches\modules-2\files-2.1\org.javassist\javassist\3.21.0-GA\598244f595db5c5fb713731eddbb1c91a58d959b\javassist-3.21.0-GA.jar;C:\Users\laura.marulanda\.gradle\caches\modules-2\files-2.1\antlr\antlr\2.7.7\83cd2cd674a217ade95a4bb83a8a14f351f48bd0\antlr-2.7.7.jar;C:\Users\laura.marulanda\.gradle\caches\modules-2\files-2.1\org.jboss\jandex\2.0.0.Final\3e899258936f94649c777193e1be846387ed54b3\jandex-2.0.0.Final.jar;C:\Users\laura.marulanda\.gradle\caches\modules-2\files-2.1\dom4j\dom4j\1.6.1\5d3ccc056b6f056dbf0dddfdf43894b9065a8f94\dom4j-1.6.1.jar;C:\Users\laura.marulanda\.gradle\caches\modules-2\files-2.1\org.slf4j\jcl-over-slf4j\1.7.25\f8c32b13ff142a513eeb5b6330b1588dcb2c0461\jcl-over-slf4j-1.7.25.jar;C:\Users\laura.marulanda\.gradle\caches\modules-2\files-2.1\ch.qos.logback\logback-classic\1.1.11\ccedfbacef4a6515d2983e3f89ed753d5d4fb665\logback-classic-1.1.11.jar;C:\Users\laura.marulanda\.gradle\caches\modules-2\files-2.1\org.slf4j\jul-to-slf4j\1.7.25\af5364cd6679bfffb114f0dec8a157aaa283b76\jul-to-slf4j-1.7.25.jar;C:\Users\laura.marulanda\.gradle\caches\modules-2\files-2.1\org.slf4j\log4j-over-slf4j\1.7.25\a87bb47468f47ee7aabbd54f93e133d4215769c3\log4j-over-slf4j-1.7.25.jar;C:\Users\laura.marulanda\.gradle\caches\modules-2\files-2.1\org.slf4j\slf4j-api\1.7.25\da76ca59f6a57ee3102f8f9bd9cee742973efa8a\slf4j-api-1.7.25.jar;C:\Users\laura.marulanda\.gradle\caches\modules-2\files-2.1\org.apache.tomcat.embed\tomcat-embed-websocket\8.5.29\37786f4ca8a1597a91a0f437e659a76d1fcc5bf1\tomcat-embed-websocket-8.5.29.jar;C:\Users\laura.marulanda\.gradle\caches\modules-2\files-2.1\org.apache.tomcat.embed\tomcat-embed-core\8.5.29\51eac5adde4bc019261b787cb99e5548206908e6\tomcat-embed-core-8.5.29.jar;C:\Users\laura.marulanda\.gradle\caches\modules-2\files-2.1\org.apache.tomcat.embed\tomcat-embed-el\8.5.29\893fb2c87ec1aa248a7911d76c0c06b3fca6bc9b\tomcat-embed-el-8.5.29.jar;C:\Users\laura.marulanda\.gradle\caches\modules-2\files-2.1\com.fasterxml.jackson.core\jackson-annotations\2.8.0\45b426f7796b741035581a176744d91090e2e6fb\jackson-annotations-2.8.0.jar;C:\Users\laura.marulanda\.gradle\caches\modules-2\files-2.1\com.fasterxml.jackson.core\jackson-core\2.8.11\876ead1db19f0c9e79c9789273a3ef8c6fd6c29b\jackson-core-2.8.11.jar;C:\Users\laura.marulanda\.gradle\caches\modules-2\files-2.1\org.glassfish.jersey.ext\jersey-entity-filtering\2.25.1\4a5805060f796ec2c9bb1ba0ce91c1db6d889524\jersey-entity-filtering-2.25.1.jar;C:\Users\laura.marulanda\.gradle\caches\modules-2\files-2.1\javax.ws.rs\javax.ws.rs-api\2.0.1\104e9c2b5583cfcfeac0402316221648d6d8ea6b\javax.ws.rs-api-2.0.1.jar;C:\Users\laura.marulanda\.gradle\caches\modules-2\files-2.1\javax.annotation\javax.annotation-api\1.2\479c1e06db31c432330183f5cae684163f186146\javax.annotation-api-1.2.jar;C:\Users\laura.marulanda\.gradle\caches\modules-2\files-2.1\org.glassfish.hk2\hk2-api\2.5.0-b32\6a576c9653832ce610b80a2f389374ef19d96171\hk2-api-2.5.0-b32.jar;C:\Users\laura.marulanda\.gradle\caches\modules-2\files-2.1\org.glassfish.hk2.external\javax.inject\2.5.0-b32\b2fa50c8186a38728c35fe6a9da57ce4cc806923\javax.inject-2.5.0-b32.jar;C:\Users\laura.marulanda\.gradle\caches\modules-2\files-2.1\javax.validation\validation-api\1.1.0.Final\8613ae82954779d518631e05daa73a6a954817d5\validation-api-1.1.0.Final.jar;C:\Users\laura.marulanda\.gradle\caches\modules-2\files-2.1\com.fasterxml\classmate\1.3.4\3d5f48f10bbe4eb7bd862f10c0583be2e0053c6\classmate-1.3.4.jar;C:\Users\laura.marulanda\.gradle\caches\modules-2\files-2.1\net.minidev\json-smart\2.2.1\5b9e5df7a62d1279b70dc882b041d249c4f0b002\json-smart-2.2.1.jar;C:\Users\laura.marulanda\.gradle\caches\modules-2\files-2.1\org.objenesis\objenesis\2.1\87c0ea803b69252868d09308b4618f766f135a96\objenesis-2.1.jar;C:\Users\laura.marulanda\.gradle\caches\modules-2\files-2.1\com.vaadin.external.google\android-json\0.0.20131108.vaadin1\fa26d351fe62a6a17f5cda1287c1c6110dec413f\android-json-0.0.20131108.vaadin1.jar;C:\Users\laura.marulanda\.gradle\caches\modules-2\files-2.1\org.apache.tomcat\tomcat-juli\8.5.29\61b2514e169d96c7f5c2e1a9cf6901b493fb2301\tomcat-juli-8.5.29.jar;C:\Users\laura.marulanda\.gradle\caches\modules-2\files-2.1\org.apache.tomcat\tomcat-annotations-api\8.5.29\5505a72b5e7d6c2324d3f104cdd613a5770b4601\tomcat-annotations-api-8.5.29.jar;C:\Users\laura.marulanda\.gradle\caches\modules-2\files-2.1\org.glassfish.jersey.bundles.repackaged\jersey-guava\2.25.1\a2bb4f8208e134cf2cf71dfb8824e42942f7bd06\jersey-guava-2.25.1.jar;C:\Users\laura.marulanda\.gradle\caches\modules-2\files-2.1\org.glassfish.hk2\osgi-resource-locator\1.0.1\4ed2b2d4738aed5786cfa64cba5a332779c4c708\osgi-resource-locator-1.0.1.jar;C:\Users\laura.marulanda\.gradle\caches\modules-2\files-2.1\org.glassfish.hk2\hk2-utils\2.5.0-b32\5108a926988c4ceda7f1e681dddfe3101454a002\hk2-utils-2.5.0-b32.jar;C:\Users\laura.marulanda\.gradle\caches\modules-2\files-2.1\org.glassfish.hk2.external\aopalliance-repackaged\2.5.0-b32\6af37c3f8ec6f9e9653ec837eb508da28ce443cd\aopalliance-repackaged-2.5.0-b32.jar;C:\Users\laura.marulanda\.gradle\caches\modules-2\files-2.1\org.glassfish.hk2\class-model\2.5.0-b32\17f054f3e91898c0c0fc52163ad904b13c24e8b\class-model-2.5.0-b32.jar;C:\Users\laura.marulanda\.gradle\caches\modules-2\files-2.1\net.minidev\accessors-smart\1.1\a527213f2fea112a04c9bdf0ec0264e34104cd08\accessors-smart-1.1.jar;C:\Users\laura.marulanda\.gradle\caches\modules-2\files-2.1\ch.qos.logback\logback-core\1.1.11\88b8df40340eed549fb07e2613879bf6b006704d\logback-core-1.1.11.jar;C:\Users\laura.marulanda\.gradle\caches\modules-2\files-2.1\org.glassfish.hk2.external\asm-all-repackaged\2.5.0-b32\dc705f1d54cd5a96cbc5a473525e75ef1cb59a9e\asm-all-repackaged-2.5.0-b32.jar;C:\Users\laura.marulanda\.gradle\caches\modules-2\files-2.1\org.ow2.asm\asm\5.0.3\dcc2193db20e19e1feca8b1240dbbc4e190824fa\asm-5.0.3.jar, user.name=laura.marulanda, java.vm.specification.version=1.8, sun.java.command=worker.org.gradle.process.internal.worker.GradleWorkerMain 'Gradle Test Executor 1', java.home=C:\Program Files\Java\jdk1.8.0_172\jre, sun.arch.data.model=64, user.language=en, java.specification.vendor=Oracle Corporation, awt.toolkit=sun.awt.windows.WToolkit, java.vm.info=mixed mode, java.version=1.8.0_172, java.ext.dirs=C:\Program Files\Java\jdk1.8.0_172\jre\lib\ext;C:\Windows\Sun\Java\lib\ext, sun.boot.class.path=C:\Program Files\Java\jdk1.8.0_172\jre\lib\resources.jar;C:\Program Files\Java\jdk1.8.0_172\jre\lib\rt.jar;C:\Program Files\Java\jdk1.8.0_172\jre\lib\sunrsasign.jar;C:\Program Files\Java\jdk1.8.0_172\jre\lib\jsse.jar;C:\Program Files\Java\jdk1.8.0_172\jre\lib\jce.jar;C:\Program Files\Java\jdk1.8.0_172\jre\lib\charsets.jar;C:\Program Files\Java\jdk1.8.0_172\jre\lib\jfr.jar;C:\Program Files\Java\jdk1.8.0_172\jre\classes, java.vendor=Oracle Corporation, org.gradle.test.worker=1, file.separator=\, java.vendor.url.bug=http://bugreport.sun.com/bugreport/, sun.io.unicode.encoding=UnicodeLittle, sun.cpu.endian=little, sun.desktop=windows, sun.cpu.isalist=amd64}}, SystemEnvironmentPropertySource@1628723281 {name='systemEnvironment', properties={USERDOMAIN_ROAMINGPROFILE=CEIBA, PROCESSOR_LEVEL=6, RUN_DISPLAY_URL=http://localhost:8080/job/ParqueaderoCeiba/job/test/60/display/redirect, HUDSON_HOME=C:\Users\laura.marulanda\.jenkins, RUN_CHANGES_DISPLAY_URL=http://localhost:8080/job/ParqueaderoCeiba/job/test/60/display/redirect?page=changes, JOB_URL=http://localhost:8080/job/ParqueaderoCeiba/job/test/, HUDSON_COOKIE=0fafd020-637d-48c4-9ca8-4b176c557680, SESSIONNAME=Console, ALLUSERSPROFILE=C:\ProgramData, PROCESSOR_ARCHITECTURE=AMD64, PSModulePath=C:\Program Files\WindowsPowerShell\Modules;C:\Windows\system32\WindowsPowerShell\v1.0\Modules, SystemDrive=C:, =ExitCode=00000001, JENKINS_SERVER_COOKIE=8eb9264555750fc8, DIRNAME=C:\gradle-4.7\bin\, USERNAME=laura.marulanda, USERDNSDOMAIN=CEIBA.LOCAL, CMD_LINE_ARGS=test -b D:\ProyectoParqueadero\ParqueaderoBackend\parqueadero\build.gradle, ProgramFiles(x86)=C:\Program Files (x86), JENKINS_URL=http://localhost:8080/, APP_HOME=C:\gradle-4.7\bin\.., BUILD_TAG=jenkins-ParqueaderoCeiba-test-60, PATHEXT=.COM;.EXE;.BAT;.CMD;.VBS;.VBE;.JS;.JSE;.WSF;.WSH;.MSC, JENKINS_HOME=C:\Users\laura.marulanda\.jenkins, ProgramData=C:\ProgramData, ProgramW6432=C:\Program Files, HOMEPATH=\Users\laura.marulanda, NODE_NAME=master, BUILD_DISPLAY_NAME=#60, PROCESSOR_IDENTIFIER=Intel64 Family 6 Model 60 Stepping 3, GenuineIntel, JOB_DISPLAY_URL=http://localhost:8080/job/ParqueaderoCeiba/job/test/display/redirect, ProgramFiles=C:\Program Files, PUBLIC=C:\Users\Public, windir=C:\Windows, _SKIP=2, LOCALAPPDATA=C:\Users\laura.marulanda\AppData\Local, USERDOMAIN=CEIBA, LOGONSERVER=\\CRONOS, JAVA_HOME=C:\Program Files\Java\jdk1.8.0_172, PROMPT=$P$G, BUILD_ID=60, GRADLE_HOME=C:\gradle-4.7, JOB_NAME=ParqueaderoCeiba/test, OneDrive=C:\Users\laura.marulanda\OneDrive, =C:=C:\Users\laura.marulanda\.jenkins\workspace\ParqueaderoCeiba\test, APPDATA=C:\Users\laura.marulanda\AppData\Roaming, NODE_LABELS=master, HUDSON_URL=http://localhost:8080/, JAVA_EXE=C:\Program Files\Java\jdk1.8.0_172/bin/java.exe, WORKSPACE=C:\Users\laura.marulanda\.jenkins\workspace\ParqueaderoCeiba\test, CommonProgramFiles=C:\Program Files\Common Files, Path=C:\Program Files\Java\jdk1.8.0_172\bin;C:\gradle-4.7\bin;C:\Program Files (x86)\Common Files\Oracle\Java\javapath;C:\Oracle\product\11.1.0\client_1\bin;C:\Program Files\CollabNet\Subversion Client;C:\Program Files (x86)\Intel\iCLS Client\;C:\Program Files\Intel\iCLS Client\;C:\Windows\system32;C:\Windows;C:\Windows\System32\Wbem;C:\Windows\System32\WindowsPowerShell\v1.0\;C:\Program Files (x86)\Intel\Intel(R) Management Engine Components\DAL;C:\Program Files\Intel\Intel(R) Management Engine Components\DAL;C:\Program Files (x86)\Intel\Intel(R) Management Engine Components\IPT;C:\Program Files\Intel\Intel(R) Management Engine Components\IPT;C:\Program Files (x86)\ATI Technologies\ATI.ACE\Core-Static;C:\Program Files\TortoiseSVN\bin;C:\Program Files\Git\cmd;C:\Program Files\PuTTY\;C:\Users\laura.marulanda\AppData\Local\Microsoft\WindowsApps;;C:\Program Files\Microsoft VS Code\bin, OS=Windows_NT, COMPUTERNAME=LAURA-MARULANDA, EXECUTOR_NUMBER=1, HUDSON_SERVER_COOKIE=8eb9264555750fc8, JOB_BASE_NAME=test, PROCESSOR_REVISION=3c03, CLASSPATH=C:\gradle-4.7\bin\..\lib\gradle-launcher-4.7.jar, CommonProgramW6432=C:\Program Files\Common Files, ComSpec=C:\Windows\system32\cmd.exe, APP_BASE_NAME=gradle, BUILD_NUMBER=60, SystemRoot=C:\Windows, TEMP=C:\Users\LAURA~1.MAR\AppData\Local\Temp, BUILD_URL=http://localhost:8080/job/ParqueaderoCeiba/job/test/60/, HOMEDRIVE=C:, USERPROFILE=C:\Users\laura.marulanda, TMP=C:\Users\LAURA~1.MAR\AppData\Local\Temp, CommonProgramFiles(x86)=C:\Program Files (x86)\Common Files, NUMBER_OF_PROCESSORS=4}}]
16:26:46.881 [Test worker] DEBUG org.springframework.core.io.support.PathMatchingResourcePatternResolver - Resolved classpath location [co/com/ceiba/parqueadero/] to resources [URL [file:/D:/ProyectoParqueadero/ParqueaderoBackend/parqueadero/build/classes/java/test/co/com/ceiba/parqueadero/], URL [file:/D:/ProyectoParqueadero/ParqueaderoBackend/parqueadero/build/classes/java/main/co/com/ceiba/parqueadero/]]
16:26:46.881 [Test worker] DEBUG org.springframework.core.io.support.PathMatchingResourcePatternResolver - Looking for matching resources in directory tree [D:\ProyectoParqueadero\ParqueaderoBackend\parqueadero\build\classes\java\test\co\com\ceiba\parqueadero]
16:26:46.881 [Test worker] DEBUG org.springframework.core.io.support.PathMatchingResourcePatternResolver - Searching directory [D:\ProyectoParqueadero\ParqueaderoBackend\parqueadero\build\classes\java\test\co\com\ceiba\parqueadero] for files matching pattern [D:/ProyectoParqueadero/ParqueaderoBackend/parqueadero/build/classes/java/test/co/com/ceiba/parqueadero/*.class]
16:26:46.881 [Test worker] DEBUG org.springframework.core.io.support.PathMatchingResourcePatternResolver - Looking for matching resources in directory tree [D:\ProyectoParqueadero\ParqueaderoBackend\parqueadero\build\classes\java\main\co\com\ceiba\parqueadero]
16:26:46.896 [Test worker] DEBUG org.springframework.core.io.support.PathMatchingResourcePatternResolver - Searching directory [D:\ProyectoParqueadero\ParqueaderoBackend\parqueadero\build\classes\java\main\co\com\ceiba\parqueadero] for files matching pattern [D:/ProyectoParqueadero/ParqueaderoBackend/parqueadero/build/classes/java/main/co/com/ceiba/parqueadero/*.class]
16:26:46.896 [Test worker] DEBUG org.springframework.core.io.support.PathMatchingResourcePatternResolver - Resolved location pattern [classpath*:co/com/ceiba/parqueadero/*.class] to resources [file [D:\ProyectoParqueadero\ParqueaderoBackend\parqueadero\build\classes\java\test\co\com\ceiba\parqueadero\ParqueaderoApplicationTests.class], file [D:\ProyectoParqueadero\ParqueaderoBackend\parqueadero\build\classes\java\main\co\com\ceiba\parqueadero\ParqueaderoApplication.class]]
16:26:47.021 [Test worker] DEBUG org.springframework.context.annotation.ClassPathScanningCandidateComponentProvider - Identified candidate component class: file [D:\ProyectoParqueadero\ParqueaderoBackend\parqueadero\build\classes\java\main\co\com\ceiba\parqueadero\ParqueaderoApplication.class]
16:26:47.037 [Test worker] INFO org.springframework.boot.test.context.SpringBootTestContextBootstrapper - Found @SpringBootConfiguration co.com.ceiba.parqueadero.ParqueaderoApplication for test class co.com.ceiba.parqueadero.ParqueaderoApplicationTests
16:26:47.037 [Test worker] DEBUG org.springframework.boot.test.context.SpringBootTestContextBootstrapper - @TestExecutionListeners is not present for class [co.com.ceiba.parqueadero.ParqueaderoApplicationTests]: using defaults.
16:26:47.053 [Test worker] INFO org.springframework.boot.test.context.SpringBootTestContextBootstrapper - Loaded default TestExecutionListener class names from location [META-INF/spring.factories]: [org.springframework.boot.test.autoconfigure.restdocs.RestDocsTestExecutionListener, org.springframework.boot.test.autoconfigure.web.client.MockRestServiceServerResetTestExecutionListener, org.springframework.boot.test.autoconfigure.web.servlet.MockMvcPrintOnlyOnFailureTestExecutionListener, org.springframework.boot.test.autoconfigure.web.servlet.WebDriverTestExecutionListener, org.springframework.boot.test.mock.mockito.MockitoTestExecutionListener, org.springframework.boot.test.mock.mockito.ResetMocksTestExecutionListener, org.springframework.test.context.web.ServletTestExecutionListener, org.springframework.test.context.support.DirtiesContextBeforeModesTestExecutionListener, org.springframework.test.context.support.DependencyInjectionTestExecutionListener, org.springframework.test.context.support.DirtiesContextTestExecutionListener, org.springframework.test.context.transaction.TransactionalTestExecutionListener, org.springframework.test.context.jdbc.SqlScriptsTestExecutionListener]
16:26:47.099 [Test worker] INFO org.springframework.boot.test.context.SpringBootTestContextBootstrapper - Using TestExecutionListeners: [org.springframework.test.context.web.ServletTestExecutionListener@78683613, org.springframework.test.context.support.DirtiesContextBeforeModesTestExecutionListener@5930f776, org.springframework.boot.test.mock.mockito.MockitoTestExecutionListener@56000825, org.springframework.boot.test.autoconfigure.SpringBootDependencyInjectionTestExecutionListener@47c1d784, org.springframework.test.context.support.DirtiesContextTestExecutionListener@7ea0b9c1, org.springframework.test.context.transaction.TransactionalTestExecutionListener@20757a24, org.springframework.test.context.jdbc.SqlScriptsTestExecutionListener@76e21f2f, org.springframework.boot.test.autoconfigure.restdocs.RestDocsTestExecutionListener@3f568b80, org.springframework.boot.test.autoconfigure.web.client.MockRestServiceServerResetTestExecutionListener@4443531a, org.springframework.boot.test.autoconfigure.web.servlet.MockMvcPrintOnlyOnFailureTestExecutionListener@4f6ca5ec, org.springframework.boot.test.autoconfigure.web.servlet.WebDriverTestExecutionListener@2991c049, org.springframework.boot.test.mock.mockito.ResetMocksTestExecutionListener@22104470]
16:26:47.099 [Test worker] DEBUG org.springframework.test.annotation.ProfileValueUtils - Retrieved @ProfileValueSourceConfiguration [null] for test class [co.com.ceiba.parqueadero.ParqueaderoApplicationTests]
16:26:47.099 [Test worker] DEBUG org.springframework.test.annotation.ProfileValueUtils - Retrieved ProfileValueSource type [class org.springframework.test.annotation.SystemProfileValueSource] for class [co.com.ceiba.parqueadero.ParqueaderoApplicationTests]
16:26:47.099 [Test worker] DEBUG org.springframework.test.annotation.ProfileValueUtils - Retrieved @ProfileValueSourceConfiguration [null] for test class [co.com.ceiba.parqueadero.ParqueaderoApplicationTests]
16:26:47.099 [Test worker] DEBUG org.springframework.test.annotation.ProfileValueUtils - Retrieved ProfileValueSource type [class org.springframework.test.annotation.SystemProfileValueSource] for class [co.com.ceiba.parqueadero.ParqueaderoApplicationTests]
16:26:47.115 [Test worker] DEBUG org.springframework.test.context.support.AbstractDirtiesContextTestExecutionListener - Before test class: context [DefaultTestContext@1b76f846 testClass = ParqueaderoApplicationTests, testInstance = [null], testMethod = [null], testException = [null], mergedContextConfiguration = [WebMergedContextConfiguration@17248cf3 testClass = ParqueaderoApplicationTests, locations = '{}', classes = '{class co.com.ceiba.parqueadero.ParqueaderoApplication}', contextInitializerClasses = '[]', activeProfiles = '{}', propertySourceLocations = '{}', propertySourceProperties = '{org.springframework.boot.test.context.SpringBootTestContextBootstrapper=true}', contextCustomizers = set[org.springframework.boot.test.autoconfigure.properties.PropertyMappingContextCustomizer@0, org.springframework.boot.test.autoconfigure.web.servlet.WebDriverContextCustomizerFactory$Customizer@74499666, org.springframework.boot.test.context.SpringBootTestContextCustomizer@32285be1, org.springframework.boot.test.context.filter.ExcludeFilterContextCustomizer@77568ffa, org.springframework.boot.test.json.DuplicateJsonObjectContextCustomizerFactory$DuplicateJsonObjectContextCustomizer@51d37b17, org.springframework.boot.test.mock.mockito.MockitoContextCustomizer@0], resourceBasePath = 'src/main/webapp', contextLoader = 'org.springframework.boot.test.context.SpringBootContextLoader', parent = [null]]], class annotated with @DirtiesContext [false] with mode [null].
16:26:47.115 [Test worker] DEBUG org.springframework.test.annotation.ProfileValueUtils - Retrieved @ProfileValueSourceConfiguration [null] for test class [co.com.ceiba.parqueadero.ParqueaderoApplicationTests]
16:26:47.115 [Test worker] DEBUG org.springframework.test.annotation.ProfileValueUtils - Retrieved ProfileValueSource type [class org.springframework.test.annotation.SystemProfileValueSource] for class [co.com.ceiba.parqueadero.ParqueaderoApplicationTests]
16:26:47.256 [Test worker] DEBUG org.springframework.core.env.StandardEnvironment - Adding PropertySource 'systemProperties' with lowest search precedence
16:26:47.256 [Test worker] DEBUG org.springframework.core.env.StandardEnvironment - Adding PropertySource 'systemEnvironment' with lowest search precedence
16:26:47.256 [Test worker] DEBUG org.springframework.core.env.StandardEnvironment - Initialized StandardEnvironment with PropertySources [MapPropertySource@648950363 {name='systemProperties', properties={java.runtime.name=Java(TM) SE Runtime Environment, sun.boot.library.path=C:\Program Files\Java\jdk1.8.0_172\jre\bin, java.vm.version=25.172-b11, java.vm.vendor=Oracle Corporation, java.vendor.url=http://java.oracle.com/, path.separator=;, java.vm.name=Java HotSpot(TM) 64-Bit Server VM, file.encoding.pkg=sun.io, user.script=, sun.java.launcher=SUN_STANDARD, user.country=US, sun.os.patch.level=, java.vm.specification.name=Java Virtual Machine Specification, user.dir=D:\ProyectoParqueadero\ParqueaderoBackend\parqueadero, java.runtime.version=1.8.0_172-b11, java.awt.graphicsenv=sun.awt.Win32GraphicsEnvironment, java.endorsed.dirs=C:\Program Files\Java\jdk1.8.0_172\jre\lib\endorsed, os.arch=amd64, java.io.tmpdir=C:\Users\LAURA~1.MAR\AppData\Local\Temp\, line.separator=
, java.vm.specification.vendor=Oracle Corporation, user.variant=, os.name=Windows 10, sun.jnu.encoding=Cp1252, java.library.path=C:\Program Files\Java\jdk1.8.0_172\bin;C:\Windows\Sun\Java\bin;C:\Windows\system32;C:\Windows;C:\Program Files\Java\jdk1.8.0_172\bin;C:\gradle-4.7\bin;C:\Program Files (x86)\Common Files\Oracle\Java\javapath;C:\Oracle\product\11.1.0\client_1\bin;C:\Program Files\CollabNet\Subversion Client;C:\Program Files (x86)\Intel\iCLS Client\;C:\Program Files\Intel\iCLS Client\;C:\Windows\system32;C:\Windows;C:\Windows\System32\Wbem;C:\Windows\System32\WindowsPowerShell\v1.0\;C:\Program Files (x86)\Intel\Intel(R) Management Engine Components\DAL;C:\Program Files\Intel\Intel(R) Management Engine Components\DAL;C:\Program Files (x86)\Intel\Intel(R) Management Engine Components\IPT;C:\Program Files\Intel\Intel(R) Management Engine Components\IPT;C:\Program Files (x86)\ATI Technologies\ATI.ACE\Core-Static;C:\Program Files\TortoiseSVN\bin;C:\Program Files\Git\cmd;C:\Program Files\PuTTY\;C:\Users\laura.marulanda\AppData\Local\Microsoft\WindowsApps;;C:\Program Files\Microsoft VS Code\bin;., java.specification.name=Java Platform API Specification, java.class.version=52.0, org.gradle.native=false, sun.management.compiler=HotSpot 64-Bit Tiered Compilers, os.version=10.0, user.home=C:\Users\laura.marulanda, user.timezone=America/Bogota, java.awt.printerjob=sun.awt.windows.WPrinterJob, file.encoding=windows-1252, java.specification.version=1.8, java.class.path=D:\ProyectoParqueadero\ParqueaderoBackend\parqueadero\build\classes\java\test;D:\ProyectoParqueadero\ParqueaderoBackend\parqueadero\build\resources\test;D:\ProyectoParqueadero\ParqueaderoBackend\parqueadero\build\classes\java\main;D:\ProyectoParqueadero\ParqueaderoBackend\parqueadero\build\resources\main;C:\Users\laura.marulanda\.gradle\caches\modules-2\files-2.1\org.apache.commons\commons-lang3\3.0\8873bd0bb5cb9ee37f1b04578eb7e26fcdd44cb0\commons-lang3-3.0.jar;C:\Users\laura.marulanda\.gradle\caches\modules-2\files-2.1\org.modelmapper\modelmapper\0.7.5\5bef63ad6fa1008d56d27557e4a7f223fb639678\modelmapper-0.7.5.jar;C:\Users\laura.marulanda\.gradle\caches\modules-2\files-2.1\org.springframework.boot\spring-boot-starter-data-jpa\1.5.12.RELEASE\cbffbf33274c6a576f01315b6f16250193ca79a9\spring-boot-starter-data-jpa-1.5.12.RELEASE.jar;C:\Users\laura.marulanda\.gradle\caches\modules-2\files-2.1\org.springframework.boot\spring-boot-starter-jersey\1.5.12.RELEASE\3e8cf51095536ec67837fbbd9fcf2dd460c5839f\spring-boot-starter-jersey-1.5.12.RELEASE.jar;C:\Users\laura.marulanda\.gradle\caches\modules-2\files-2.1\org.springframework.boot\spring-boot-starter-web\1.5.12.RELEASE\649d368fa6b0a511936b50f28c72663c503eb84c\spring-boot-starter-web-1.5.12.RELEASE.jar;C:\Users\laura.marulanda\.gradle\caches\modules-2\files-2.1\mysql\mysql-connector-java\5.1.46\9a3e63b387e376364211e96827bc27db8d7a92e9\mysql-connector-java-5.1.46.jar;C:\Users\laura.marulanda\.gradle\caches\modules-2\files-2.1\org.springframework.boot\spring-boot-starter-test\1.5.12.RELEASE\9a8f743ffab5ae38a17a85008a2c3cb374871551\spring-boot-starter-test-1.5.12.RELEASE.jar;C:\Users\laura.marulanda\.gradle\caches\modules-2\files-2.1\org.springframework.boot\spring-boot-starter-aop\1.5.12.RELEASE\6bcdb5d4e593e7487131f7b1dee34752aad5a5e7\spring-boot-starter-aop-1.5.12.RELEASE.jar;C:\Users\laura.marulanda\.gradle\caches\modules-2\files-2.1\org.springframework.boot\spring-boot-starter-jdbc\1.5.12.RELEASE\73b8299e412eafa71def9e1296637de9e99fa76\spring-boot-starter-jdbc-1.5.12.RELEASE.jar;C:\Users\laura.marulanda\.gradle\caches\modules-2\files-2.1\org.springframework.boot\spring-boot-starter-validation\1.5.12.RELEASE\78077542a53cd40f710898259ae693d2c4fdfff6\spring-boot-starter-validation-1.5.12.RELEASE.jar;C:\Users\laura.marulanda\.gradle\caches\modules-2\files-2.1\org.springframework.boot\spring-boot-starter\1.5.12.RELEASE\e4f0748fa765a0416638920058289f6db6ee0e36\spring-boot-starter-1.5.12.RELEASE.jar;C:\Users\laura.marulanda\.gradle\caches\modules-2\files-2.1\org.hibernate\hibernate-entitymanager\5.0.12.Final\302a526f5058290e9cbd719a5caf9f248d344719\hibernate-entitymanager-5.0.12.Final.jar;C:\Users\laura.marulanda\.gradle\caches\modules-2\files-2.1\org.hibernate\hibernate-core\5.0.12.Final\e58bf1c660e6706d8e2cbb53bae110f574366102\hibernate-core-5.0.12.Final.jar;C:\Users\laura.marulanda\.gradle\caches\modules-2\files-2.1\javax.transaction\javax.transaction-api\1.2\d81aff979d603edd90dcd8db2abc1f4ce6479e3e\javax.transaction-api-1.2.jar;C:\Users\laura.marulanda\.gradle\caches\modules-2\files-2.1\org.springframework.data\spring-data-jpa\1.11.11.RELEASE\ac76e9ecc10850ac324f762ecb947d67d1670c82\spring-data-jpa-1.11.11.RELEASE.jar;C:\Users\laura.marulanda\.gradle\caches\modules-2\files-2.1\org.springframework\spring-aspects\4.3.16.RELEASE\1490d6c995ab3a74a33fa30a3b81e9e78e1249e1\spring-aspects-4.3.16.RELEASE.jar;C:\Users\laura.marulanda\.gradle\caches\modules-2\files-2.1\org.springframework.boot\spring-boot-starter-tomcat\1.5.12.RELEASE\a4e81f071d2b5a9c9fb5a219b361b683a8eb3d91\spring-boot-starter-tomcat-1.5.12.RELEASE.jar;C:\Users\laura.marulanda\.gradle\caches\modules-2\files-2.1\org.glassfish.jersey.media\jersey-media-json-jackson\2.25.1\19d1e4276eb7b6386640c344d9e5c01eba7eae5d\jersey-media-json-jackson-2.25.1.jar;C:\Users\laura.marulanda\.gradle\caches\modules-2\files-2.1\com.fasterxml.jackson.jaxrs\jackson-jaxrs-json-provider\2.8.11\79894d1dfcff1bca147fd58f263602a6942a5d24\jackson-jaxrs-json-provider-2.8.11.jar;C:\Users\laura.marulanda\.gradle\caches\modules-2\files-2.1\com.fasterxml.jackson.jaxrs\jackson-jaxrs-base\2.8.11\b3b174cb9c0b1ba6afdfdd6cd1aec0fb39ad9a94\jackson-jaxrs-base-2.8.11.jar;C:\Users\laura.marulanda\.gradle\caches\modules-2\files-2.1\com.fasterxml.jackson.module\jackson-module-jaxb-annotations\2.8.11\7b52a95f0fed65cb8526d6aa2be090502226c449\jackson-module-jaxb-annotations-2.8.11.jar;C:\Users\laura.marulanda\.gradle\caches\modules-2\files-2.1\com.fasterxml.jackson.core\jackson-databind\2.8.11.1\341edc63fdd8b44e17b2c36abbc9b451d8fd05a5\jackson-databind-2.8.11.1.jar;C:\Users\laura.marulanda\.gradle\caches\modules-2\files-2.1\org.glassfish.jersey.ext\jersey-spring3\2.25.1\a31bfcd2fcae5beb979d3f41079b6f4020d6fbc9\jersey-spring3-2.25.1.jar;C:\Users\laura.marulanda\.gradle\caches\modules-2\files-2.1\org.springframework\spring-webmvc\4.3.16.RELEASE\2a171b1d701e450860bd5544a87a727048639a45\spring-webmvc-4.3.16.RELEASE.jar;C:\Users\laura.marulanda\.gradle\caches\modules-2\files-2.1\org.springframework\spring-web\4.3.16.RELEASE\9321f7c56e8c4561c92aa62f48a0cefe0a667315\spring-web-4.3.16.RELEASE.jar;C:\Users\laura.marulanda\.gradle\caches\modules-2\files-2.1\org.glassfish.jersey.containers\jersey-container-servlet\2.25.1\cf5f7a76fcea38158b890ab7a0142d4db709a882\jersey-container-servlet-2.25.1.jar;C:\Users\laura.marulanda\.gradle\caches\modules-2\files-2.1\org.glassfish.jersey.containers\jersey-container-servlet-core\2.25.1\400e30bb035a0cdf3c554530224141ce659a0d1e\jersey-container-servlet-core-2.25.1.jar;C:\Users\laura.marulanda\.gradle\caches\modules-2\files-2.1\org.glassfish.jersey.ext\jersey-bean-validation\2.25.1\1971927d79cad0ad2b5a3bfda24967748a2023d\jersey-bean-validation-2.25.1.jar;C:\Users\laura.marulanda\.gradle\caches\modules-2\files-2.1\org.glassfish.jersey.core\jersey-server\2.25.1\276e2ee0fd1cdabf99357fce560c5baab675b1a2\jersey-server-2.25.1.jar;C:\Users\laura.marulanda\.gradle\caches\modules-2\files-2.1\org.glassfish.hk2\hk2\2.5.0-b32\c3accae585955e49c771d464899e906ecc9ffb4\hk2-2.5.0-b32.jar;C:\Users\laura.marulanda\.gradle\caches\modules-2\files-2.1\org.glassfish.hk2\config-types\2.5.0-b32\686bbe7f80b1b879d64c06bc6606c97721a795f2\config-types-2.5.0-b32.jar;C:\Users\laura.marulanda\.gradle\caches\modules-2\files-2.1\org.glassfish.hk2\hk2-config\2.5.0-b32\dce05ac4225dbc0c1c382ad02e3b5bee51f0168a\hk2-config-2.5.0-b32.jar;C:\Users\laura.marulanda\.gradle\caches\modules-2\files-2.1\org.hibernate\hibernate-validator\5.3.6.Final\4c730be8bf55a8e9a61e79a2f2c079abf48b718\hibernate-validator-5.3.6.Final.jar;C:\Users\laura.marulanda\.gradle\caches\modules-2\files-2.1\org.springframework.boot\spring-boot-test-autoconfigure\1.5.12.RELEASE\7d710647eae22ecc28c069a547126bc1dcdeaff2\spring-boot-test-autoconfigure-1.5.12.RELEASE.jar;C:\Users\laura.marulanda\.gradle\caches\modules-2\files-2.1\org.springframework.boot\spring-boot-test\1.5.12.RELEASE\b2424c29750561e9800c41dcc8d4e02e93d6c1ab\spring-boot-test-1.5.12.RELEASE.jar;C:\Users\laura.marulanda\.gradle\caches\modules-2\files-2.1\com.jayway.jsonpath\json-path\2.2.0\22290d17944bd239fabf5ac69005a60a7ecbbbcb\json-path-2.2.0.jar;C:\Users\laura.marulanda\.gradle\caches\modules-2\files-2.1\junit\junit\4.12\2973d150c0dc1fefe998f834810d68f278ea58ec\junit-4.12.jar;C:\Users\laura.marulanda\.gradle\caches\modules-2\files-2.1\org.assertj\assertj-core\2.6.0\b532c3fc4f66bcfee4989a3514f1cd56203a33ad\assertj-core-2.6.0.jar;C:\Users\laura.marulanda\.gradle\caches\modules-2\files-2.1\org.mockito\mockito-core\1.10.19\e8546f5bef4e061d8dd73895b4e8f40e3fe6effe\mockito-core-1.10.19.jar;C:\Users\laura.marulanda\.gradle\caches\modules-2\files-2.1\org.hamcrest\hamcrest-library\1.3\4785a3c21320980282f9f33d0d1264a69040538f\hamcrest-library-1.3.jar;C:\Users\laura.marulanda\.gradle\caches\modules-2\files-2.1\org.hamcrest\hamcrest-core\1.3\42a25dc3219429f0e5d060061f71acb49bf010a0\hamcrest-core-1.3.jar;C:\Users\laura.marulanda\.gradle\caches\modules-2\files-2.1\org.skyscreamer\jsonassert\1.4.0\9cdbb373a06f6513e51e8c545ee6a5e981463edb\jsonassert-1.4.0.jar;C:\Users\laura.marulanda\.gradle\caches\modules-2\files-2.1\org.springframework\spring-test\4.3.16.RELEASE\adb21bf985a998da78de96f6deefe85f058457eb\spring-test-4.3.16.RELEASE.jar;C:\Users\laura.marulanda\.gradle\caches\modules-2\files-2.1\org.springframework.boot\spring-boot-autoconfigure\1.5.12.RELEASE\932ab2609793ebc00576cbae77085bb83e5c9008\spring-boot-autoconfigure-1.5.12.RELEASE.jar;C:\Users\laura.marulanda\.gradle\caches\modules-2\files-2.1\org.springframework.boot\spring-boot\1.5.12.RELEASE\bc41c1da2bbb4eaebfc5b464b0a993ca8ef83156\spring-boot-1.5.12.RELEASE.jar;C:\Users\laura.marulanda\.gradle\caches\modules-2\files-2.1\org.springframework\spring-orm\4.3.16.RELEASE\9cbd490a3839d5f3d91731bf15593383ca0544f5\spring-orm-4.3.16.RELEASE.jar;C:\Users\laura.marulanda\.gradle\caches\modules-2\files-2.1\org.springframework\spring-jdbc\4.3.16.RELEASE\cf5cd0a29f58cdcd572a97b3becdb7a9ba970363\spring-jdbc-4.3.16.RELEASE.jar;C:\Users\laura.marulanda\.gradle\caches\modules-2\files-2.1\org.springframework.data\spring-data-commons\1.13.11.RELEASE\481434bd66c1cf6ff72902a89ad778156e924382\spring-data-commons-1.13.11.RELEASE.jar;C:\Users\laura.marulanda\.gradle\caches\modules-2\files-2.1\org.glassfish.hk2\spring-bridge\2.5.0-b32\f38ecef23edc769942a95c062efd63541044de42\spring-bridge-2.5.0-b32.jar;C:\Users\laura.marulanda\.gradle\caches\modules-2\files-2.1\org.springframework\spring-context\4.3.16.RELEASE\b56bbfb12b8c388443589fc5d4f2f0f1774dc44d\spring-context-4.3.16.RELEASE.jar;C:\Users\laura.marulanda\.gradle\caches\modules-2\files-2.1\org.springframework\spring-tx\4.3.16.RELEASE\459e1741827ea59775c4e322d5964714065bed42\spring-tx-4.3.16.RELEASE.jar;C:\Users\laura.marulanda\.gradle\caches\modules-2\files-2.1\org.springframework\spring-aop\4.3.16.RELEASE\2c74e87bbf99e7cb6903046e19345a04f843d817\spring-aop-4.3.16.RELEASE.jar;C:\Users\laura.marulanda\.gradle\caches\modules-2\files-2.1\org.springframework\spring-beans\4.3.16.RELEASE\2a0cb663069001e0b210d509f7b1904888557e63\spring-beans-4.3.16.RELEASE.jar;C:\Users\laura.marulanda\.gradle\caches\modules-2\files-2.1\org.springframework\spring-expression\4.3.16.RELEASE\f69b403faa1dd97df212217aece1ad3497dfdf2c\spring-expression-4.3.16.RELEASE.jar;C:\Users\laura.marulanda\.gradle\caches\modules-2\files-2.1\org.springframework\spring-core\4.3.16.RELEASE\fe3f4186562c0dfa70a09510f886cc11a483ddde\spring-core-4.3.16.RELEASE.jar;C:\Users\laura.marulanda\.gradle\caches\modules-2\files-2.1\org.springframework.boot\spring-boot-starter-logging\1.5.12.RELEASE\88b9a16ff87f0a7faec7848e9a5626ffbbac588f\spring-boot-starter-logging-1.5.12.RELEASE.jar;C:\Users\laura.marulanda\.gradle\caches\modules-2\files-2.1\org.yaml\snakeyaml\1.17\7a27ea250c5130b2922b86dea63cbb1cc10a660c\snakeyaml-1.17.jar;C:\Users\laura.marulanda\.gradle\caches\modules-2\files-2.1\org.aspectj\aspectjweaver\1.8.13\ad94df2a28d658a40dc27bbaff6a1ce5fbf04e9b\aspectjweaver-1.8.13.jar;C:\Users\laura.marulanda\.gradle\caches\modules-2\files-2.1\org.apache.tomcat\tomcat-jdbc\8.5.29\5fc2bee83633735b31831b7fffa13040100b5eae\tomcat-jdbc-8.5.29.jar;C:\Users\laura.marulanda\.gradle\caches\modules-2\files-2.1\org.hibernate.common\hibernate-commons-annotations\5.0.1.Final\71e1cff3fcb20d3b3af4f3363c3ddb24d33c6879\hibernate-commons-annotations-5.0.1.Final.jar;C:\Users\laura.marulanda\.gradle\caches\modules-2\files-2.1\org.jboss.logging\jboss-logging\3.3.2.Final\3789d00e859632e6c6206adc0c71625559e6e3b0\jboss-logging-3.3.2.Final.jar;C:\Users\laura.marulanda\.gradle\caches\modules-2\files-2.1\org.hibernate.javax.persistence\hibernate-jpa-2.1-api\1.0.0.Final\5e731d961297e5a07290bfaf3db1fbc8bbbf405a\hibernate-jpa-2.1-api-1.0.0.Final.jar;C:\Users\laura.marulanda\.gradle\caches\modules-2\files-2.1\org.glassfish.jersey.core\jersey-client\2.25.1\4d563b1f93352ee9fad597e9e1daf2c6159993c6\jersey-client-2.25.1.jar;C:\Users\laura.marulanda\.gradle\caches\modules-2\files-2.1\org.glassfish.jersey.media\jersey-media-jaxb\2.25.1\d7da0beeed5614a3bfd882662faec602699e24b\jersey-media-jaxb-2.25.1.jar;C:\Users\laura.marulanda\.gradle\caches\modules-2\files-2.1\org.glassfish.jersey.core\jersey-common\2.25.1\2438ce68d4907046095ab54aa83a6092951b4bbb\jersey-common-2.25.1.jar;C:\Users\laura.marulanda\.gradle\caches\modules-2\files-2.1\org.glassfish.hk2\hk2-core\2.5.0-b32\8cb6a8a9522ec523b7740d29f555bdbe9d936af2\hk2-core-2.5.0-b32.jar;C:\Users\laura.marulanda\.gradle\caches\modules-2\files-2.1\org.glassfish.hk2\hk2-runlevel\2.5.0-b32\60dc979763ea885e796cba4d3e322af8d500ba74\hk2-runlevel-2.5.0-b32.jar;C:\Users\laura.marulanda\.gradle\caches\modules-2\files-2.1\org.glassfish.hk2\hk2-locator\2.5.0-b32\195474f8ad0a8d130e9ea949a771bcf1215fc33b\hk2-locator-2.5.0-b32.jar;C:\Users\laura.marulanda\.gradle\caches\modules-2\files-2.1\org.javassist\javassist\3.21.0-GA\598244f595db5c5fb713731eddbb1c91a58d959b\javassist-3.21.0-GA.jar;C:\Users\laura.marulanda\.gradle\caches\modules-2\files-2.1\antlr\antlr\2.7.7\83cd2cd674a217ade95a4bb83a8a14f351f48bd0\antlr-2.7.7.jar;C:\Users\laura.marulanda\.gradle\caches\modules-2\files-2.1\org.jboss\jandex\2.0.0.Final\3e899258936f94649c777193e1be846387ed54b3\jandex-2.0.0.Final.jar;C:\Users\laura.marulanda\.gradle\caches\modules-2\files-2.1\dom4j\dom4j\1.6.1\5d3ccc056b6f056dbf0dddfdf43894b9065a8f94\dom4j-1.6.1.jar;C:\Users\laura.marulanda\.gradle\caches\modules-2\files-2.1\org.slf4j\jcl-over-slf4j\1.7.25\f8c32b13ff142a513eeb5b6330b1588dcb2c0461\jcl-over-slf4j-1.7.25.jar;C:\Users\laura.marulanda\.gradle\caches\modules-2\files-2.1\ch.qos.logback\logback-classic\1.1.11\ccedfbacef4a6515d2983e3f89ed753d5d4fb665\logback-classic-1.1.11.jar;C:\Users\laura.marulanda\.gradle\caches\modules-2\files-2.1\org.slf4j\jul-to-slf4j\1.7.25\af5364cd6679bfffb114f0dec8a157aaa283b76\jul-to-slf4j-1.7.25.jar;C:\Users\laura.marulanda\.gradle\caches\modules-2\files-2.1\org.slf4j\log4j-over-slf4j\1.7.25\a87bb47468f47ee7aabbd54f93e133d4215769c3\log4j-over-slf4j-1.7.25.jar;C:\Users\laura.marulanda\.gradle\caches\modules-2\files-2.1\org.slf4j\slf4j-api\1.7.25\da76ca59f6a57ee3102f8f9bd9cee742973efa8a\slf4j-api-1.7.25.jar;C:\Users\laura.marulanda\.gradle\caches\modules-2\files-2.1\org.apache.tomcat.embed\tomcat-embed-websocket\8.5.29\37786f4ca8a1597a91a0f437e659a76d1fcc5bf1\tomcat-embed-websocket-8.5.29.jar;C:\Users\laura.marulanda\.gradle\caches\modules-2\files-2.1\org.apache.tomcat.embed\tomcat-embed-core\8.5.29\51eac5adde4bc019261b787cb99e5548206908e6\tomcat-embed-core-8.5.29.jar;C:\Users\laura.marulanda\.gradle\caches\modules-2\files-2.1\org.apache.tomcat.embed\tomcat-embed-el\8.5.29\893fb2c87ec1aa248a7911d76c0c06b3fca6bc9b\tomcat-embed-el-8.5.29.jar;C:\Users\laura.marulanda\.gradle\caches\modules-2\files-2.1\com.fasterxml.jackson.core\jackson-annotations\2.8.0\45b426f7796b741035581a176744d91090e2e6fb\jackson-annotations-2.8.0.jar;C:\Users\laura.marulanda\.gradle\caches\modules-2\files-2.1\com.fasterxml.jackson.core\jackson-core\2.8.11\876ead1db19f0c9e79c9789273a3ef8c6fd6c29b\jackson-core-2.8.11.jar;C:\Users\laura.marulanda\.gradle\caches\modules-2\files-2.1\org.glassfish.jersey.ext\jersey-entity-filtering\2.25.1\4a5805060f796ec2c9bb1ba0ce91c1db6d889524\jersey-entity-filtering-2.25.1.jar;C:\Users\laura.marulanda\.gradle\caches\modules-2\files-2.1\javax.ws.rs\javax.ws.rs-api\2.0.1\104e9c2b5583cfcfeac0402316221648d6d8ea6b\javax.ws.rs-api-2.0.1.jar;C:\Users\laura.marulanda\.gradle\caches\modules-2\files-2.1\javax.annotation\javax.annotation-api\1.2\479c1e06db31c432330183f5cae684163f186146\javax.annotation-api-1.2.jar;C:\Users\laura.marulanda\.gradle\caches\modules-2\files-2.1\org.glassfish.hk2\hk2-api\2.5.0-b32\6a576c9653832ce610b80a2f389374ef19d96171\hk2-api-2.5.0-b32.jar;C:\Users\laura.marulanda\.gradle\caches\modules-2\files-2.1\org.glassfish.hk2.external\javax.inject\2.5.0-b32\b2fa50c8186a38728c35fe6a9da57ce4cc806923\javax.inject-2.5.0-b32.jar;C:\Users\laura.marulanda\.gradle\caches\modules-2\files-2.1\javax.validation\validation-api\1.1.0.Final\8613ae82954779d518631e05daa73a6a954817d5\validation-api-1.1.0.Final.jar;C:\Users\laura.marulanda\.gradle\caches\modules-2\files-2.1\com.fasterxml\classmate\1.3.4\3d5f48f10bbe4eb7bd862f10c0583be2e0053c6\classmate-1.3.4.jar;C:\Users\laura.marulanda\.gradle\caches\modules-2\files-2.1\net.minidev\json-smart\2.2.1\5b9e5df7a62d1279b70dc882b041d249c4f0b002\json-smart-2.2.1.jar;C:\Users\laura.marulanda\.gradle\caches\modules-2\files-2.1\org.objenesis\objenesis\2.1\87c0ea803b69252868d09308b4618f766f135a96\objenesis-2.1.jar;C:\Users\laura.marulanda\.gradle\caches\modules-2\files-2.1\com.vaadin.external.google\android-json\0.0.20131108.vaadin1\fa26d351fe62a6a17f5cda1287c1c6110dec413f\android-json-0.0.20131108.vaadin1.jar;C:\Users\laura.marulanda\.gradle\caches\modules-2\files-2.1\org.apache.tomcat\tomcat-juli\8.5.29\61b2514e169d96c7f5c2e1a9cf6901b493fb2301\tomcat-juli-8.5.29.jar;C:\Users\laura.marulanda\.gradle\caches\modules-2\files-2.1\org.apache.tomcat\tomcat-annotations-api\8.5.29\5505a72b5e7d6c2324d3f104cdd613a5770b4601\tomcat-annotations-api-8.5.29.jar;C:\Users\laura.marulanda\.gradle\caches\modules-2\files-2.1\org.glassfish.jersey.bundles.repackaged\jersey-guava\2.25.1\a2bb4f8208e134cf2cf71dfb8824e42942f7bd06\jersey-guava-2.25.1.jar;C:\Users\laura.marulanda\.gradle\caches\modules-2\files-2.1\org.glassfish.hk2\osgi-resource-locator\1.0.1\4ed2b2d4738aed5786cfa64cba5a332779c4c708\osgi-resource-locator-1.0.1.jar;C:\Users\laura.marulanda\.gradle\caches\modules-2\files-2.1\org.glassfish.hk2\hk2-utils\2.5.0-b32\5108a926988c4ceda7f1e681dddfe3101454a002\hk2-utils-2.5.0-b32.jar;C:\Users\laura.marulanda\.gradle\caches\modules-2\files-2.1\org.glassfish.hk2.external\aopalliance-repackaged\2.5.0-b32\6af37c3f8ec6f9e9653ec837eb508da28ce443cd\aopalliance-repackaged-2.5.0-b32.jar;C:\Users\laura.marulanda\.gradle\caches\modules-2\files-2.1\org.glassfish.hk2\class-model\2.5.0-b32\17f054f3e91898c0c0fc52163ad904b13c24e8b\class-model-2.5.0-b32.jar;C:\Users\laura.marulanda\.gradle\caches\modules-2\files-2.1\net.minidev\accessors-smart\1.1\a527213f2fea112a04c9bdf0ec0264e34104cd08\accessors-smart-1.1.jar;C:\Users\laura.marulanda\.gradle\caches\modules-2\files-2.1\ch.qos.logback\logback-core\1.1.11\88b8df40340eed549fb07e2613879bf6b006704d\logback-core-1.1.11.jar;C:\Users\laura.marulanda\.gradle\caches\modules-2\files-2.1\org.glassfish.hk2.external\asm-all-repackaged\2.5.0-b32\dc705f1d54cd5a96cbc5a473525e75ef1cb59a9e\asm-all-repackaged-2.5.0-b32.jar;C:\Users\laura.marulanda\.gradle\caches\modules-2\files-2.1\org.ow2.asm\asm\5.0.3\dcc2193db20e19e1feca8b1240dbbc4e190824fa\asm-5.0.3.jar, user.name=laura.marulanda, java.vm.specification.version=1.8, sun.java.command=worker.org.gradle.process.internal.worker.GradleWorkerMain 'Gradle Test Executor 1', java.home=C:\Program Files\Java\jdk1.8.0_172\jre, sun.arch.data.model=64, user.language=en, java.specification.vendor=Oracle Corporation, awt.toolkit=sun.awt.windows.WToolkit, java.vm.info=mixed mode, java.version=1.8.0_172, java.ext.dirs=C:\Program Files\Java\jdk1.8.0_172\jre\lib\ext;C:\Windows\Sun\Java\lib\ext, sun.boot.class.path=C:\Program Files\Java\jdk1.8.0_172\jre\lib\resources.jar;C:\Program Files\Java\jdk1.8.0_172\jre\lib\rt.jar;C:\Program Files\Java\jdk1.8.0_172\jre\lib\sunrsasign.jar;C:\Program Files\Java\jdk1.8.0_172\jre\lib\jsse.jar;C:\Program Files\Java\jdk1.8.0_172\jre\lib\jce.jar;C:\Program Files\Java\jdk1.8.0_172\jre\lib\charsets.jar;C:\Program Files\Java\jdk1.8.0_172\jre\lib\jfr.jar;C:\Program Files\Java\jdk1.8.0_172\jre\classes, java.vendor=Oracle Corporation, org.gradle.test.worker=1, file.separator=\, java.vendor.url.bug=http://bugreport.sun.com/bugreport/, sun.io.unicode.encoding=UnicodeLittle, sun.cpu.endian=little, sun.desktop=windows, sun.cpu.isalist=amd64}}, SystemEnvironmentPropertySource@421208687 {name='systemEnvironment', properties={USERDOMAIN_ROAMINGPROFILE=CEIBA, PROCESSOR_LEVEL=6, RUN_DISPLAY_URL=http://localhost:8080/job/ParqueaderoCeiba/job/test/60/display/redirect, HUDSON_HOME=C:\Users\laura.marulanda\.jenkins, RUN_CHANGES_DISPLAY_URL=http://localhost:8080/job/ParqueaderoCeiba/job/test/60/display/redirect?page=changes, JOB_URL=http://localhost:8080/job/ParqueaderoCeiba/job/test/, HUDSON_COOKIE=0fafd020-637d-48c4-9ca8-4b176c557680, SESSIONNAME=Console, ALLUSERSPROFILE=C:\ProgramData, PROCESSOR_ARCHITECTURE=AMD64, PSModulePath=C:\Program Files\WindowsPowerShell\Modules;C:\Windows\system32\WindowsPowerShell\v1.0\Modules, SystemDrive=C:, =ExitCode=00000001, JENKINS_SERVER_COOKIE=8eb9264555750fc8, DIRNAME=C:\gradle-4.7\bin\, USERNAME=laura.marulanda, USERDNSDOMAIN=CEIBA.LOCAL, CMD_LINE_ARGS=test -b D:\ProyectoParqueadero\ParqueaderoBackend\parqueadero\build.gradle, ProgramFiles(x86)=C:\Program Files (x86), JENKINS_URL=http://localhost:8080/, APP_HOME=C:\gradle-4.7\bin\.., BUILD_TAG=jenkins-ParqueaderoCeiba-test-60, PATHEXT=.COM;.EXE;.BAT;.CMD;.VBS;.VBE;.JS;.JSE;.WSF;.WSH;.MSC, JENKINS_HOME=C:\Users\laura.marulanda\.jenkins, ProgramData=C:\ProgramData, ProgramW6432=C:\Program Files, HOMEPATH=\Users\laura.marulanda, NODE_NAME=master, BUILD_DISPLAY_NAME=#60, PROCESSOR_IDENTIFIER=Intel64 Family 6 Model 60 Stepping 3, GenuineIntel, JOB_DISPLAY_URL=http://localhost:8080/job/ParqueaderoCeiba/job/test/display/redirect, ProgramFiles=C:\Program Files, PUBLIC=C:\Users\Public, windir=C:\Windows, _SKIP=2, LOCALAPPDATA=C:\Users\laura.marulanda\AppData\Local, USERDOMAIN=CEIBA, LOGONSERVER=\\CRONOS, JAVA_HOME=C:\Program Files\Java\jdk1.8.0_172, PROMPT=$P$G, BUILD_ID=60, GRADLE_HOME=C:\gradle-4.7, JOB_NAME=ParqueaderoCeiba/test, OneDrive=C:\Users\laura.marulanda\OneDrive, =C:=C:\Users\laura.marulanda\.jenkins\workspace\ParqueaderoCeiba\test, APPDATA=C:\Users\laura.marulanda\AppData\Roaming, NODE_LABELS=master, HUDSON_URL=http://localhost:8080/, JAVA_EXE=C:\Program Files\Java\jdk1.8.0_172/bin/java.exe, WORKSPACE=C:\Users\laura.marulanda\.jenkins\workspace\ParqueaderoCeiba\test, CommonProgramFiles=C:\Program Files\Common Files, Path=C:\Program Files\Java\jdk1.8.0_172\bin;C:\gradle-4.7\bin;C:\Program Files (x86)\Common Files\Oracle\Java\javapath;C:\Oracle\product\11.1.0\client_1\bin;C:\Program Files\CollabNet\Subversion Client;C:\Program Files (x86)\Intel\iCLS Client\;C:\Program Files\Intel\iCLS Client\;C:\Windows\system32;C:\Windows;C:\Windows\System32\Wbem;C:\Windows\System32\WindowsPowerShell\v1.0\;C:\Program Files (x86)\Intel\Intel(R) Management Engine Components\DAL;C:\Program Files\Intel\Intel(R) Management Engine Components\DAL;C:\Program Files (x86)\Intel\Intel(R) Management Engine Components\IPT;C:\Program Files\Intel\Intel(R) Management Engine Components\IPT;C:\Program Files (x86)\ATI Technologies\ATI.ACE\Core-Static;C:\Program Files\TortoiseSVN\bin;C:\Program Files\Git\cmd;C:\Program Files\PuTTY\;C:\Users\laura.marulanda\AppData\Local\Microsoft\WindowsApps;;C:\Program Files\Microsoft VS Code\bin, OS=Windows_NT, COMPUTERNAME=LAURA-MARULANDA, EXECUTOR_NUMBER=1, HUDSON_SERVER_COOKIE=8eb9264555750fc8, JOB_BASE_NAME=test, PROCESSOR_REVISION=3c03, CLASSPATH=C:\gradle-4.7\bin\..\lib\gradle-launcher-4.7.jar, CommonProgramW6432=C:\Program Files\Common Files, ComSpec=C:\Windows\system32\cmd.exe, APP_BASE_NAME=gradle, BUILD_NUMBER=60, SystemRoot=C:\Windows, TEMP=C:\Users\LAURA~1.MAR\AppData\Local\Temp, BUILD_URL=http://localhost:8080/job/ParqueaderoCeiba/job/test/60/, HOMEDRIVE=C:, USERPROFILE=C:\Users\laura.marulanda, TMP=C:\Users\LAURA~1.MAR\AppData\Local\Temp, CommonProgramFiles(x86)=C:\Program Files (x86)\Common Files, NUMBER_OF_PROCESSORS=4}}]
16:26:47.287 [Test worker] DEBUG org.springframework.core.env.MutablePropertySources - Adding PropertySource 'inline' with highest search precedence
16:26:47.303 [Test worker] DEBUG org.springframework.test.context.support.TestPropertySourceUtils - Adding inlined properties to environment: {spring.jmx.enabled=false, org.springframework.boot.test.context.SpringBootTestContextBootstrapper=true, server.port=-1}
16:26:47.303 [Test worker] DEBUG org.springframework.core.env.StandardEnvironment - Adding PropertySource 'Inlined Test Properties' with highest search precedence

  .   ____          _            __ _ _
 /\\ / ___'_ __ _ _(_)_ __  __ _ \ \ \ \
( ( )\___ | '_ | '_| | '_ \/ _` | \ \ \ \
 \\/  ___)| |_)| | | | | || (_| |  ) ) ) )
  '  |____| .__|_| |_|_| |_\__, | / / / /
 =========|_|==============|___/=/_/_/_/
 :: Spring Boot ::       (v1.5.12.RELEASE)

2018-05-07 16:26:48.094  INFO 9872 --- [    Test worker] c.c.c.p.ParqueaderoApplicationTests      : Starting ParqueaderoApplicationTests on LAURA-MARULANDA with PID 9872 (started by laura.marulanda in D:\ProyectoParqueadero\ParqueaderoBackend\parqueadero)
2018-05-07 16:26:48.096  INFO 9872 --- [    Test worker] c.c.c.p.ParqueaderoApplicationTests      : No active profile set, falling back to default profiles: default
2018-05-07 16:26:48.237  INFO 9872 --- [    Test worker] o.s.w.c.s.GenericWebApplicationContext   : Refreshing org.springframework.web.context.support.GenericWebApplicationContext@749c1a49: startup date [Mon May 07 16:26:48 COT 2018]; root of context hierarchy
2018-05-07 16:26:50.925  INFO 9872 --- [    Test worker] f.a.AutowiredAnnotationBeanPostProcessor : JSR-330 'javax.inject.Inject' annotation found and supported for autowiring
2018-05-07 16:26:51.222  INFO 9872 --- [    Test worker] trationDelegate$BeanPostProcessorChecker : Bean 'org.springframework.transaction.annotation.ProxyTransactionManagementConfiguration' of type [org.springframework.transaction.annotation.ProxyTransactionManagementConfiguration$$EnhancerBySpringCGLIB$$87f311b1] is not eligible for getting processed by all BeanPostProcessors (for example: not eligible for auto-proxying)
2018-05-07 16:26:53.337  INFO 9872 --- [    Test worker] j.LocalContainerEntityManagerFactoryBean : Building JPA container EntityManagerFactory for persistence unit 'default'
2018-05-07 16:26:53.368  INFO 9872 --- [    Test worker] o.hibernate.jpa.internal.util.LogHelper  : HHH000204: Processing PersistenceUnitInfo [
	name: default
	...]
2018-05-07 16:26:53.477  INFO 9872 --- [    Test worker] org.hibernate.Version                    : HHH000412: Hibernate Core {5.0.12.Final}
2018-05-07 16:26:53.477  INFO 9872 --- [    Test worker] org.hibernate.cfg.Environment            : HHH000206: hibernate.properties not found
2018-05-07 16:26:53.477  INFO 9872 --- [    Test worker] org.hibernate.cfg.Environment            : HHH000021: Bytecode provider name : javassist
2018-05-07 16:26:53.545  INFO 9872 --- [    Test worker] o.hibernate.annotations.common.Version   : HCANN000001: Hibernate Commons Annotations {5.0.1.Final}
2018-05-07 16:26:53.712  INFO 9872 --- [    Test worker] org.hibernate.dialect.Dialect            : HHH000400: Using dialect: org.hibernate.dialect.MySQL5Dialect
2018-05-07 16:26:54.366  INFO 9872 --- [    Test worker] j.LocalContainerEntityManagerFactoryBean : Initialized JPA EntityManagerFactory for persistence unit 'default'
2018-05-07 16:26:54.714  INFO 9872 --- [    Test worker] o.h.h.i.QueryTranslatorFactoryInitiator  : HHH000397: Using ASTQueryTranslatorFactory
2018-05-07 16:26:55.729  INFO 9872 --- [    Test worker] s.w.s.m.m.a.RequestMappingHandlerAdapter : Looking for @ControllerAdvice: org.springframework.web.context.support.GenericWebApplicationContext@749c1a49: startup date [Mon May 07 16:26:48 COT 2018]; root of context hierarchy
2018-05-07 16:26:55.838  INFO 9872 --- [    Test worker] s.w.s.m.m.a.RequestMappingHandlerMapping : Mapped "{[/consultarVehiculos],methods=[GET]}" onto public java.util.List<co.com.ceiba.parqueadero.model.Registro> co.com.ceiba.parqueadero.controllers.VigilanteController.consultarVehiculos()
2018-05-07 16:26:55.838  INFO 9872 --- [    Test worker] s.w.s.m.m.a.RequestMappingHandlerMapping : Mapped "{[/registrarSalida],methods=[POST]}" onto public co.com.ceiba.parqueadero.model.Registro co.com.ceiba.parqueadero.controllers.VigilanteController.registrarSalida(java.lang.String) throws java.io.IOException
2018-05-07 16:26:55.838  INFO 9872 --- [    Test worker] s.w.s.m.m.a.RequestMappingHandlerMapping : Mapped "{[/registrarIngreso],methods=[POST]}" onto public void co.com.ceiba.parqueadero.controllers.VigilanteController.registrarIngreso(java.lang.String) throws java.io.IOException
2018-05-07 16:26:55.838  INFO 9872 --- [    Test worker] s.w.s.m.m.a.RequestMappingHandlerMapping : Mapped "{[/error]}" onto public org.springframework.http.ResponseEntity<java.util.Map<java.lang.String, java.lang.Object>> org.springframework.boot.autoconfigure.web.BasicErrorController.error(javax.servlet.http.HttpServletRequest)
2018-05-07 16:26:55.838  INFO 9872 --- [    Test worker] s.w.s.m.m.a.RequestMappingHandlerMapping : Mapped "{[/error],produces=[text/html]}" onto public org.springframework.web.servlet.ModelAndView org.springframework.boot.autoconfigure.web.BasicErrorController.errorHtml(javax.servlet.http.HttpServletRequest,javax.servlet.http.HttpServletResponse)
2018-05-07 16:26:55.870  INFO 9872 --- [    Test worker] o.s.w.s.handler.SimpleUrlHandlerMapping  : Mapped URL path [/webjars/**] onto handler of type [class org.springframework.web.servlet.resource.ResourceHttpRequestHandler]
2018-05-07 16:26:55.885  INFO 9872 --- [    Test worker] o.s.w.s.handler.SimpleUrlHandlerMapping  : Mapped URL path [/**] onto handler of type [class org.springframework.web.servlet.resource.ResourceHttpRequestHandler]
2018-05-07 16:26:55.932  INFO 9872 --- [    Test worker] o.s.w.s.handler.SimpleUrlHandlerMapping  : Mapped URL path [/**/favicon.ico] onto handler of type [class org.springframework.web.servlet.resource.ResourceHttpRequestHandler]
2018-05-07 16:26:55.963  INFO 9872 --- [    Test worker] oConfiguration$WelcomePageHandlerMapping : Adding welcome page: ServletContext resource [/index.html]
2018-05-07 16:26:56.251  INFO 9872 --- [    Test worker] c.c.c.p.ParqueaderoApplicationTests      : Started ParqueaderoApplicationTests in 8.933 seconds (JVM running for 11.364)
]]></system-out>
  <system-err><![CDATA[]]></system-err>
</testsuite>
