<?xml version="1.0" encoding="UTF-8"?>
<testsuite name="co.com.ceiba.parqueadero.service.integracion.VigilanteServiceImplTest" tests="1" skipped="0" failures="0" errors="0" timestamp="2018-05-09T12:29:04" hostname="LAURA-MARULANDA" time="0.152">
  <properties/>
  <testcase name="registrarIngreso" classname="co.com.ceiba.parqueadero.service.integracion.VigilanteServiceImplTest" time="0.152"/>
  <system-out><![CDATA[2018-05-09 07:29:03.225  INFO 4612 --- [    Test worker] .b.t.c.SpringBootTestContextBootstrapper : Neither @ContextConfiguration nor @ContextHierarchy found for test class [co.com.ceiba.parqueadero.service.integracion.VigilanteServiceImplTest], using SpringBootContextLoader
2018-05-09 07:29:03.226  INFO 4612 --- [    Test worker] o.s.t.c.support.AbstractContextLoader    : Could not detect default resource locations for test class [co.com.ceiba.parqueadero.service.integracion.VigilanteServiceImplTest]: no resource found for suffixes {-context.xml, Context.groovy}.
2018-05-09 07:29:03.227  INFO 4612 --- [    Test worker] t.c.s.AnnotationConfigContextLoaderUtils : Could not detect default configuration classes for test class [co.com.ceiba.parqueadero.service.integracion.VigilanteServiceImplTest]: VigilanteServiceImplTest does not declare any static, non-private, non-final, nested classes annotated with @Configuration.
2018-05-09 07:29:03.280  INFO 4612 --- [    Test worker] .b.t.c.SpringBootTestContextBootstrapper : Found @SpringBootConfiguration co.com.ceiba.parqueadero.ParqueaderoApplication for test class co.com.ceiba.parqueadero.service.integracion.VigilanteServiceImplTest
2018-05-09 07:29:03.284  INFO 4612 --- [    Test worker] .b.t.c.SpringBootTestContextBootstrapper : Loaded default TestExecutionListener class names from location [META-INF/spring.factories]: [org.springframework.boot.test.autoconfigure.restdocs.RestDocsTestExecutionListener, org.springframework.boot.test.autoconfigure.web.client.MockRestServiceServerResetTestExecutionListener, org.springframework.boot.test.autoconfigure.web.servlet.MockMvcPrintOnlyOnFailureTestExecutionListener, org.springframework.boot.test.autoconfigure.web.servlet.WebDriverTestExecutionListener, org.springframework.boot.test.mock.mockito.MockitoTestExecutionListener, org.springframework.boot.test.mock.mockito.ResetMocksTestExecutionListener, org.springframework.test.context.web.ServletTestExecutionListener, org.springframework.test.context.support.DirtiesContextBeforeModesTestExecutionListener, org.springframework.test.context.support.DependencyInjectionTestExecutionListener, org.springframework.test.context.support.DirtiesContextTestExecutionListener, org.springframework.test.context.transaction.TransactionalTestExecutionListener, org.springframework.test.context.jdbc.SqlScriptsTestExecutionListener]
2018-05-09 07:29:03.287  INFO 4612 --- [    Test worker] .b.t.c.SpringBootTestContextBootstrapper : Using TestExecutionListeners: [org.springframework.test.context.web.ServletTestExecutionListener@3caad0b4, org.springframework.test.context.support.DirtiesContextBeforeModesTestExecutionListener@314a6368, org.springframework.boot.test.mock.mockito.MockitoTestExecutionListener@1827f212, org.springframework.boot.test.autoconfigure.SpringBootDependencyInjectionTestExecutionListener@7a1827a0, org.springframework.test.context.support.DirtiesContextTestExecutionListener@105d6727, org.springframework.test.context.transaction.TransactionalTestExecutionListener@726e0767, org.springframework.test.context.jdbc.SqlScriptsTestExecutionListener@55fecc5a, org.springframework.boot.test.autoconfigure.restdocs.RestDocsTestExecutionListener@6ee0d462, org.springframework.boot.test.autoconfigure.web.client.MockRestServiceServerResetTestExecutionListener@15fff2c6, org.springframework.boot.test.autoconfigure.web.servlet.MockMvcPrintOnlyOnFailureTestExecutionListener@17288a21, org.springframework.boot.test.autoconfigure.web.servlet.WebDriverTestExecutionListener@34970882, org.springframework.boot.test.mock.mockito.ResetMocksTestExecutionListener@5c3c89b6]

  .   ____          _            __ _ _
 /\\ / ___'_ __ _ _(_)_ __  __ _ \ \ \ \
( ( )\___ | '_ | '_| | '_ \/ _` | \ \ \ \
 \\/  ___)| |_)| | | | | || (_| |  ) ) ) )
  '  |____| .__|_| |_|_| |_\__, | / / / /
 =========|_|==============|___/=/_/_/_/
 :: Spring Boot ::       (v1.5.12.RELEASE)

2018-05-09 07:29:03.414  INFO 4612 --- [    Test worker] c.c.c.p.s.i.VigilanteServiceImplTest     : Starting VigilanteServiceImplTest on LAURA-MARULANDA with PID 4612 (started by laura.marulanda in D:\ProyectoParqueadero\ParqueaderoBackend\parqueadero)
2018-05-09 07:29:03.414  INFO 4612 --- [    Test worker] c.c.c.p.s.i.VigilanteServiceImplTest     : No active profile set, falling back to default profiles: default
2018-05-09 07:29:03.417  INFO 4612 --- [    Test worker] s.c.a.AnnotationConfigApplicationContext : Refreshing org.springframework.context.annotation.AnnotationConfigApplicationContext@2e911060: startup date [Wed May 09 07:29:03 COT 2018]; root of context hierarchy
2018-05-09 07:29:03.593  INFO 4612 --- [    Test worker] f.a.AutowiredAnnotationBeanPostProcessor : JSR-330 'javax.inject.Inject' annotation found and supported for autowiring
2018-05-09 07:29:03.889  INFO 4612 --- [    Test worker] j.LocalContainerEntityManagerFactoryBean : Building JPA container EntityManagerFactory for persistence unit 'default'
2018-05-09 07:29:03.890  INFO 4612 --- [    Test worker] o.hibernate.jpa.internal.util.LogHelper  : HHH000204: Processing PersistenceUnitInfo [
	name: default
	...]
2018-05-09 07:29:03.898  INFO 4612 --- [    Test worker] org.hibernate.dialect.Dialect            : HHH000400: Using dialect: org.hibernate.dialect.MySQL5Dialect
2018-05-09 07:29:03.934  INFO 4612 --- [    Test worker] org.hibernate.tool.hbm2ddl.SchemaUpdate  : HHH000228: Running hbm2ddl schema update
2018-05-09 07:29:03.988  INFO 4612 --- [    Test worker] j.LocalContainerEntityManagerFactoryBean : Initialized JPA EntityManagerFactory for persistence unit 'default'
2018-05-09 07:29:04.109  INFO 4612 --- [    Test worker] o.h.h.i.QueryTranslatorFactoryInitiator  : HHH000397: Using ASTQueryTranslatorFactory
2018-05-09 07:29:04.240  INFO 4612 --- [    Test worker] c.c.c.p.s.i.VigilanteServiceImplTest     : Started VigilanteServiceImplTest in 0.912 seconds (JVM running for 10.697)
2018-05-09 07:29:04.284  INFO 4612 --- [    Test worker] o.s.t.c.transaction.TransactionContext   : Began transaction (1) for test context [DefaultTestContext@6e6a0471 testClass = VigilanteServiceImplTest, testInstance = co.com.ceiba.parqueadero.service.integracion.VigilanteServiceImplTest@38c0f1a9, testMethod = registrarIngreso@VigilanteServiceImplTest, testException = [null], mergedContextConfiguration = [MergedContextConfiguration@4ec4fdb8 testClass = VigilanteServiceImplTest, locations = '{}', classes = '{class co.com.ceiba.parqueadero.ParqueaderoApplication}', contextInitializerClasses = '[]', activeProfiles = '{}', propertySourceLocations = '{}', propertySourceProperties = '{org.springframework.boot.test.context.SpringBootTestContextBootstrapper=true}', contextCustomizers = set[org.springframework.boot.test.autoconfigure.OverrideAutoConfigurationContextCustomizerFactory$DisableAutoConfigurationContextCustomizer@15c5edf6, org.springframework.boot.test.autoconfigure.filter.TypeExcludeFiltersContextCustomizer@351584c0, org.springframework.boot.test.autoconfigure.properties.PropertyMappingContextCustomizer@6c0c57a8, org.springframework.boot.test.autoconfigure.web.servlet.WebDriverContextCustomizerFactory$Customizer@56974532, [ImportsContextCustomizer@2d535e6f key = [org.springframework.boot.autoconfigure.cache.CacheAutoConfiguration, org.springframework.boot.autoconfigure.data.jpa.JpaRepositoriesAutoConfiguration, org.springframework.boot.autoconfigure.flyway.FlywayAutoConfiguration, org.springframework.boot.autoconfigure.jdbc.DataSourceAutoConfiguration, org.springframework.boot.autoconfigure.jdbc.DataSourceTransactionManagerAutoConfiguration, org.springframework.boot.autoconfigure.jdbc.JdbcTemplateAutoConfiguration, org.springframework.boot.autoconfigure.liquibase.LiquibaseAutoConfiguration, org.springframework.boot.autoconfigure.orm.jpa.HibernateJpaAutoConfiguration, org.springframework.boot.autoconfigure.transaction.TransactionAutoConfiguration, org.springframework.boot.test.autoconfigure.jdbc.TestDatabaseAutoConfiguration, org.springframework.boot.test.autoconfigure.orm.jpa.TestEntityManagerAutoConfiguration]], org.springframework.boot.test.context.filter.ExcludeFilterContextCustomizer@485c5b74, org.springframework.boot.test.json.DuplicateJsonObjectContextCustomizerFactory$DuplicateJsonObjectContextCustomizer@539eba73, org.springframework.boot.test.mock.mockito.MockitoContextCustomizer@0], contextLoader = 'org.springframework.boot.test.context.SpringBootContextLoader', parent = [null]]]; transaction manager [org.springframework.orm.jpa.JpaTransactionManager@3aebe303]; rollback [true]
Hibernate: select count(registro0_.id) as col_0_0_ from registro registro0_ cross join vehiculo vehiculo1_ where registro0_.id_vehiculo=vehiculo1_.id and vehiculo1_.tipo_vehiculo=? and (registro0_.hora_salida is null)
Hibernate: insert into vehiculo (cilindraje, placa, tipo_vehiculo) values (?, ?, ?)
Hibernate: insert into registro (hora_entrada, hora_salida, pago, id_vehiculo) values (?, ?, ?, ?)
2018-05-09 07:29:04.423  INFO 4612 --- [    Test worker] o.s.t.c.transaction.TransactionContext   : Rolled back transaction for test: [DefaultTestContext@6e6a0471 testClass = VigilanteServiceImplTest, testInstance = co.com.ceiba.parqueadero.service.integracion.VigilanteServiceImplTest@38c0f1a9, testMethod = registrarIngreso@VigilanteServiceImplTest, testException = [null], mergedContextConfiguration = [MergedContextConfiguration@4ec4fdb8 testClass = VigilanteServiceImplTest, locations = '{}', classes = '{class co.com.ceiba.parqueadero.ParqueaderoApplication}', contextInitializerClasses = '[]', activeProfiles = '{}', propertySourceLocations = '{}', propertySourceProperties = '{org.springframework.boot.test.context.SpringBootTestContextBootstrapper=true}', contextCustomizers = set[org.springframework.boot.test.autoconfigure.OverrideAutoConfigurationContextCustomizerFactory$DisableAutoConfigurationContextCustomizer@15c5edf6, org.springframework.boot.test.autoconfigure.filter.TypeExcludeFiltersContextCustomizer@351584c0, org.springframework.boot.test.autoconfigure.properties.PropertyMappingContextCustomizer@6c0c57a8, org.springframework.boot.test.autoconfigure.web.servlet.WebDriverContextCustomizerFactory$Customizer@56974532, [ImportsContextCustomizer@2d535e6f key = [org.springframework.boot.autoconfigure.cache.CacheAutoConfiguration, org.springframework.boot.autoconfigure.data.jpa.JpaRepositoriesAutoConfiguration, org.springframework.boot.autoconfigure.flyway.FlywayAutoConfiguration, org.springframework.boot.autoconfigure.jdbc.DataSourceAutoConfiguration, org.springframework.boot.autoconfigure.jdbc.DataSourceTransactionManagerAutoConfiguration, org.springframework.boot.autoconfigure.jdbc.JdbcTemplateAutoConfiguration, org.springframework.boot.autoconfigure.liquibase.LiquibaseAutoConfiguration, org.springframework.boot.autoconfigure.orm.jpa.HibernateJpaAutoConfiguration, org.springframework.boot.autoconfigure.transaction.TransactionAutoConfiguration, org.springframework.boot.test.autoconfigure.jdbc.TestDatabaseAutoConfiguration, org.springframework.boot.test.autoconfigure.orm.jpa.TestEntityManagerAutoConfiguration]], org.springframework.boot.test.context.filter.ExcludeFilterContextCustomizer@485c5b74, org.springframework.boot.test.json.DuplicateJsonObjectContextCustomizerFactory$DuplicateJsonObjectContextCustomizer@539eba73, org.springframework.boot.test.mock.mockito.MockitoContextCustomizer@0], contextLoader = 'org.springframework.boot.test.context.SpringBootContextLoader', parent = [null]]]
]]></system-out>
  <system-err><![CDATA[]]></system-err>
</testsuite>
